[{"line":2,"elements":[{"start_timestamp":"2024-02-22T17:32:41.031Z","before":[{"result":{"duration":1981987143,"status":"passed"},"match":{"location":"stepDef.Hooks.beforeTest(io.cucumber.java.Scenario)"}}],"line":5,"name":"Test sign up normal","description":"","id":"test-automation-web;test-sign-up-normal","after":[{"result":{"duration":2073648922,"status":"passed"},"match":{"location":"stepDef.Hooks.afterTest(io.cucumber.java.Scenario)"}}],"type":"scenario","keyword":"Scenario","steps":[{"result":{"duration":350120577,"status":"passed"},"line":6,"name":"user go to web page","match":{"location":"stepDef.WebStep.userGoToWebPage()"},"keyword":"Given "},{"result":{"duration":85382987,"status":"passed"},"line":7,"name":"user click sign up menu","match":{"location":"stepDef.WebStep.userClickSignUpMenu()"},"keyword":"And "},{"result":{"duration":186584860,"status":"passed"},"line":8,"name":"user input sign up username","match":{"location":"stepDef.WebStep.userInputSignUpUsername()"},"keyword":"And "},{"result":{"duration":54887745,"status":"passed"},"line":9,"name":"user input sign up pwd","match":{"location":"stepDef.WebStep.userInputSignUpPwd()"},"keyword":"And "},{"result":{"duration":40379013,"status":"passed"},"line":10,"name":"user click sign up button","match":{"location":"stepDef.WebStep.userClickSignUpButton()"},"keyword":"When "},{"result":{"error_message":"java.lang.RuntimeException: org.openqa.selenium.NoAlertPresentException: no such alert\n  (Session info: chrome-headless-shell=121.0.6167.184)\nBuild info: version: '4.17.0', revision: 'e52b1be057*'\nSystem info: os.name: 'Linux', os.arch: 'amd64', os.version: '6.2.0-1019-azure', java.version: '21.0.2'\nDriver info: org.openqa.selenium.chrome.ChromeDriver\nCommand: [c33f5c06f22002e4c193a22df699cb89, getAlertText {}]\nCapabilities {acceptInsecureCerts: false, browserName: chrome-headless-shell, browserVersion: 121.0.6167.184, chrome: {chromedriverVersion: 121.0.6167.184 (057a8ae7deb..., userDataDir: /tmp/.org.chromium.Chromium...}, fedcm:accounts: true, goog:chromeOptions: {debuggerAddress: localhost:41983}, networkConnectionEnabled: false, pageLoadStrategy: normal, platformName: linux, proxy: Proxy(), se:cdp: ws://localhost:41983/devtoo..., se:cdpVersion: 121.0.6167.184, setWindowRect: true, strictFileInteractability: false, timeouts: {implicit: 0, pageLoad: 300000, script: 30000}, unhandledPromptBehavior: dismiss and notify, webauthn:extension:credBlob: true, webauthn:extension:largeBlob: true, webauthn:extension:minPinLength: true, webauthn:extension:prf: true, webauthn:virtualAuthenticators: true}\nSession ID: c33f5c06f22002e4c193a22df699cb89\n\tat pages.WebPage.validationMessage(WebPage.java:82)\n\tat stepDef.WebStep.validationGetMessage(WebStep.java:93)\n\tat ✽.validation get \"alert\" message \"Sign up successful.\"(file:///home/runner/work/Final_Project/Final_Project/src/test/java/features/web.feature:11)\nCaused by: org.openqa.selenium.NoAlertPresentException: no such alert\n  (Session info: chrome-headless-shell=121.0.6167.184)\nBuild info: version: '4.17.0', revision: 'e52b1be057*'\nSystem info: os.name: 'Linux', os.arch: 'amd64', os.version: '6.2.0-1019-azure', java.version: '21.0.2'\nDriver info: org.openqa.selenium.chrome.ChromeDriver\nCommand: [c33f5c06f22002e4c193a22df699cb89, getAlertText {}]\nCapabilities {acceptInsecureCerts: false, browserName: chrome-headless-shell, browserVersion: 121.0.6167.184, chrome: {chromedriverVersion: 121.0.6167.184 (057a8ae7deb..., userDataDir: /tmp/.org.chromium.Chromium...}, fedcm:accounts: true, goog:chromeOptions: {debuggerAddress: localhost:41983}, networkConnectionEnabled: false, pageLoadStrategy: normal, platformName: linux, proxy: Proxy(), se:cdp: ws://localhost:41983/devtoo..., se:cdpVersion: 121.0.6167.184, setWindowRect: true, strictFileInteractability: false, timeouts: {implicit: 0, pageLoad: 300000, script: 30000}, unhandledPromptBehavior: dismiss and notify, webauthn:extension:credBlob: true, webauthn:extension:largeBlob: true, webauthn:extension:minPinLength: true, webauthn:extension:prf: true, webauthn:virtualAuthenticators: true}\nSession ID: c33f5c06f22002e4c193a22df699cb89\n\tat java.base/jdk.internal.reflect.DirectConstructorHandleAccessor.newInstance(DirectConstructorHandleAccessor.java:62)\n\tat java.base/java.lang.reflect.Constructor.newInstanceWithCaller(Constructor.java:502)\n\tat java.base/java.lang.reflect.Constructor.newInstance(Constructor.java:486)\n\tat org.openqa.selenium.remote.codec.w3c.W3CHttpResponseCodec.createException(W3CHttpResponseCodec.java:185)\n\tat org.openqa.selenium.remote.codec.w3c.W3CHttpResponseCodec.decode(W3CHttpResponseCodec.java:134)\n\tat org.openqa.selenium.remote.codec.w3c.W3CHttpResponseCodec.decode(W3CHttpResponseCodec.java:51)\n\tat org.openqa.selenium.remote.HttpCommandExecutor.execute(HttpCommandExecutor.java:190)\n\tat org.openqa.selenium.remote.service.DriverCommandExecutor.invokeExecute(DriverCommandExecutor.java:216)\n\tat org.openqa.selenium.remote.service.DriverCommandExecutor.execute(DriverCommandExecutor.java:174)\n\tat org.openqa.selenium.remote.RemoteWebDriver.execute(RemoteWebDriver.java:519)\n\tat org.openqa.selenium.remote.RemoteWebDriver.execute(RemoteWebDriver.java:592)\n\tat org.openqa.selenium.remote.RemoteWebDriver.execute(RemoteWebDriver.java:596)\n\tat org.openqa.selenium.remote.RemoteWebDriver$RemoteTargetLocator.alert(RemoteWebDriver.java:1164)\n\tat pages.WebPage.validationMessage(WebPage.java:69)\n\tat stepDef.WebStep.validationGetMessage(WebStep.java:93)\n\tat java.base/jdk.internal.reflect.DirectMethodHandleAccessor.invoke(DirectMethodHandleAccessor.java:103)\n\tat java.base/java.lang.reflect.Method.invoke(Method.java:580)\n\tat io.cucumber.java.Invoker.doInvoke(Invoker.java:66)\n\tat io.cucumber.java.Invoker.invoke(Invoker.java:24)\n\tat io.cucumber.java.AbstractGlueDefinition.invokeMethod(AbstractGlueDefinition.java:47)\n\tat io.cucumber.java.JavaStepDefinition.execute(JavaStepDefinition.java:29)\n\tat io.cucumber.core.runner.CoreStepDefinition.execute(CoreStepDefinition.java:66)\n\tat io.cucumber.core.runner.PickleStepDefinitionMatch.runStep(PickleStepDefinitionMatch.java:63)\n\tat io.cucumber.core.runner.ExecutionMode$1.execute(ExecutionMode.java:10)\n\tat io.cucumber.core.runner.TestStep.executeStep(TestStep.java:84)\n\tat io.cucumber.core.runner.TestStep.run(TestStep.java:56)\n\tat io.cucumber.core.runner.PickleStepTestStep.run(PickleStepTestStep.java:51)\n\tat io.cucumber.core.runner.TestCase.run(TestCase.java:84)\n\tat io.cucumber.core.runner.Runner.runPickle(Runner.java:75)\n\tat io.cucumber.core.runtime.Runtime.lambda$executePickle$6(Runtime.java:107)\n\tat io.cucumber.core.runtime.CucumberExecutionContext.lambda$runTestCase$5(CucumberExecutionContext.java:137)\n\tat io.cucumber.core.runtime.RethrowingThrowableCollector.executeAndThrow(RethrowingThrowableCollector.java:23)\n\tat io.cucumber.core.runtime.CucumberExecutionContext.runTestCase(CucumberExecutionContext.java:137)\n\tat io.cucumber.core.runtime.Runtime.lambda$executePickle$7(Runtime.java:107)\n\tat java.base/java.util.concurrent.Executors$RunnableAdapter.call(Executors.java:572)\n\tat java.base/java.util.concurrent.FutureTask.run(FutureTask.java:317)\n\tat io.cucumber.core.runtime.Runtime$SameThreadExecutorService.execute(Runtime.java:235)\n\tat java.base/java.util.concurrent.AbstractExecutorService.submit(AbstractExecutorService.java:123)\n\tat io.cucumber.core.runtime.Runtime.lambda$runFeatures$3(Runtime.java:89)\n\tat java.base/java.util.stream.ReferencePipeline$3$1.accept(ReferencePipeline.java:197)\n\tat java.base/java.util.stream.SliceOps$1$1.accept(SliceOps.java:200)\n\tat java.base/java.util.ArrayList$ArrayListSpliterator.tryAdvance(ArrayList.java:1685)\n\tat java.base/java.util.stream.ReferencePipeline.forEachWithCancel(ReferencePipeline.java:129)\n\tat java.base/java.util.stream.AbstractPipeline.copyIntoWithCancel(AbstractPipeline.java:527)\n\tat java.base/java.util.stream.AbstractPipeline.copyInto(AbstractPipeline.java:513)\n\tat java.base/java.util.stream.AbstractPipeline.wrapAndCopyInto(AbstractPipeline.java:499)\n\tat java.base/java.util.stream.ReduceOps$ReduceOp.evaluateSequential(ReduceOps.java:921)\n\tat java.base/java.util.stream.AbstractPipeline.evaluate(AbstractPipeline.java:234)\n\tat java.base/java.util.stream.ReferencePipeline.collect(ReferencePipeline.java:682)\n\tat io.cucumber.core.runtime.Runtime.runFeatures(Runtime.java:90)\n\tat io.cucumber.core.runtime.Runtime.lambda$run$0(Runtime.java:78)\n\tat io.cucumber.core.runtime.CucumberExecutionContext.lambda$runFeatures$6(CucumberExecutionContext.java:148)\n\tat io.cucumber.core.runtime.CucumberExecutionContext.execute(CucumberExecutionContext.java:163)\n\tat io.cucumber.core.runtime.CucumberExecutionContext.runFeatures(CucumberExecutionContext.java:146)\n\tat io.cucumber.core.runtime.Runtime.run(Runtime.java:78)\n\tat io.cucumber.core.cli.Main.run(Main.java:87)\n\tat io.cucumber.core.cli.Main.main(Main.java:30)\n","duration":2016287283,"status":"failed"},"line":11,"name":"validation get \"alert\" message \"Sign up successful.\"","match":{"arguments":[{"val":"\"alert\"","offset":15},{"val":"\"Sign up successful.\"","offset":31}],"location":"stepDef.WebStep.validationGetMessage(java.lang.String,java.lang.String)"},"keyword":"Then "}],"tags":[{"name":"@web"},{"name":"@web"}]},{"start_timestamp":"2024-02-22T17:32:47.855Z","before":[{"result":{"duration":674107247,"status":"passed"},"match":{"location":"stepDef.Hooks.beforeTest(io.cucumber.java.Scenario)"}}],"line":14,"name":"Test negative sign up user not input sign up username and password","description":"","id":"test-automation-web;test-negative-sign-up-user-not-input-sign-up-username-and-password","after":[{"result":{"duration":2075999132,"status":"passed"},"match":{"location":"stepDef.Hooks.afterTest(io.cucumber.java.Scenario)"}}],"type":"scenario","keyword":"Scenario","steps":[{"result":{"duration":228694767,"status":"passed"},"line":15,"name":"user go to web page","match":{"location":"stepDef.WebStep.userGoToWebPage()"},"keyword":"Given "},{"result":{"duration":78186516,"status":"passed"},"line":16,"name":"user click sign up menu","match":{"location":"stepDef.WebStep.userClickSignUpMenu()"},"keyword":"And "},{"result":{"duration":173807624,"status":"passed"},"line":17,"name":"user click sign up button","match":{"location":"stepDef.WebStep.userClickSignUpButton()"},"keyword":"When "},{"result":{"duration":2041547407,"status":"passed"},"line":18,"name":"validation get \"alert\" message \"Please fill out Username and Password.\"","match":{"arguments":[{"val":"\"alert\"","offset":15},{"val":"\"Please fill out Username and Password.\"","offset":31}],"location":"stepDef.WebStep.validationGetMessage(java.lang.String,java.lang.String)"},"keyword":"Then "}],"tags":[{"name":"@web"},{"name":"@web"}]},{"start_timestamp":"2024-02-22T17:32:53.136Z","before":[{"result":{"duration":592742111,"status":"passed"},"match":{"location":"stepDef.Hooks.beforeTest(io.cucumber.java.Scenario)"}}],"line":21,"name":"Test login normal","description":"","id":"test-automation-web;test-login-normal","after":[{"result":{"duration":2068936504,"status":"passed"},"match":{"location":"stepDef.Hooks.afterTest(io.cucumber.java.Scenario)"}}],"type":"scenario","keyword":"Scenario","steps":[{"result":{"duration":214394983,"status":"passed"},"line":22,"name":"user go to web page","match":{"location":"stepDef.WebStep.userGoToWebPage()"},"keyword":"Given "},{"result":{"duration":87415650,"status":"passed"},"line":23,"name":"user click sign up menu","match":{"location":"stepDef.WebStep.userClickSignUpMenu()"},"keyword":"And "},{"result":{"duration":194266301,"status":"passed"},"line":24,"name":"user input sign up username","match":{"location":"stepDef.WebStep.userInputSignUpUsername()"},"keyword":"And "},{"result":{"duration":45070551,"status":"passed"},"line":25,"name":"user input sign up pwd","match":{"location":"stepDef.WebStep.userInputSignUpPwd()"},"keyword":"And "},{"result":{"duration":37669297,"status":"passed"},"line":26,"name":"user click sign up button","match":{"location":"stepDef.WebStep.userClickSignUpButton()"},"keyword":"When "},{"result":{"error_message":"java.lang.RuntimeException: org.openqa.selenium.NoAlertPresentException: no such alert\n  (Session info: chrome-headless-shell=121.0.6167.184)\nBuild info: version: '4.17.0', revision: 'e52b1be057*'\nSystem info: os.name: 'Linux', os.arch: 'amd64', os.version: '6.2.0-1019-azure', java.version: '21.0.2'\nDriver info: org.openqa.selenium.chrome.ChromeDriver\nCommand: [d1876c5a20310642d3bd6cc283fe94a9, getAlertText {}]\nCapabilities {acceptInsecureCerts: false, browserName: chrome-headless-shell, browserVersion: 121.0.6167.184, chrome: {chromedriverVersion: 121.0.6167.184 (057a8ae7deb..., userDataDir: /tmp/.org.chromium.Chromium...}, fedcm:accounts: true, goog:chromeOptions: {debuggerAddress: localhost:42695}, networkConnectionEnabled: false, pageLoadStrategy: normal, platformName: linux, proxy: Proxy(), se:cdp: ws://localhost:42695/devtoo..., se:cdpVersion: 121.0.6167.184, setWindowRect: true, strictFileInteractability: false, timeouts: {implicit: 0, pageLoad: 300000, script: 30000}, unhandledPromptBehavior: dismiss and notify, webauthn:extension:credBlob: true, webauthn:extension:largeBlob: true, webauthn:extension:minPinLength: true, webauthn:extension:prf: true, webauthn:virtualAuthenticators: true}\nSession ID: d1876c5a20310642d3bd6cc283fe94a9\n\tat pages.WebPage.validationMessage(WebPage.java:82)\n\tat stepDef.WebStep.validationGetMessage(WebStep.java:93)\n\tat ✽.validation get \"alert\" message \"Sign up successful.\"(file:///home/runner/work/Final_Project/Final_Project/src/test/java/features/web.feature:27)\nCaused by: org.openqa.selenium.NoAlertPresentException: no such alert\n  (Session info: chrome-headless-shell=121.0.6167.184)\nBuild info: version: '4.17.0', revision: 'e52b1be057*'\nSystem info: os.name: 'Linux', os.arch: 'amd64', os.version: '6.2.0-1019-azure', java.version: '21.0.2'\nDriver info: org.openqa.selenium.chrome.ChromeDriver\nCommand: [d1876c5a20310642d3bd6cc283fe94a9, getAlertText {}]\nCapabilities {acceptInsecureCerts: false, browserName: chrome-headless-shell, browserVersion: 121.0.6167.184, chrome: {chromedriverVersion: 121.0.6167.184 (057a8ae7deb..., userDataDir: /tmp/.org.chromium.Chromium...}, fedcm:accounts: true, goog:chromeOptions: {debuggerAddress: localhost:42695}, networkConnectionEnabled: false, pageLoadStrategy: normal, platformName: linux, proxy: Proxy(), se:cdp: ws://localhost:42695/devtoo..., se:cdpVersion: 121.0.6167.184, setWindowRect: true, strictFileInteractability: false, timeouts: {implicit: 0, pageLoad: 300000, script: 30000}, unhandledPromptBehavior: dismiss and notify, webauthn:extension:credBlob: true, webauthn:extension:largeBlob: true, webauthn:extension:minPinLength: true, webauthn:extension:prf: true, webauthn:virtualAuthenticators: true}\nSession ID: d1876c5a20310642d3bd6cc283fe94a9\n\tat java.base/jdk.internal.reflect.DirectConstructorHandleAccessor.newInstance(DirectConstructorHandleAccessor.java:62)\n\tat java.base/java.lang.reflect.Constructor.newInstanceWithCaller(Constructor.java:502)\n\tat java.base/java.lang.reflect.Constructor.newInstance(Constructor.java:486)\n\tat org.openqa.selenium.remote.codec.w3c.W3CHttpResponseCodec.createException(W3CHttpResponseCodec.java:185)\n\tat org.openqa.selenium.remote.codec.w3c.W3CHttpResponseCodec.decode(W3CHttpResponseCodec.java:134)\n\tat org.openqa.selenium.remote.codec.w3c.W3CHttpResponseCodec.decode(W3CHttpResponseCodec.java:51)\n\tat org.openqa.selenium.remote.HttpCommandExecutor.execute(HttpCommandExecutor.java:190)\n\tat org.openqa.selenium.remote.service.DriverCommandExecutor.invokeExecute(DriverCommandExecutor.java:216)\n\tat org.openqa.selenium.remote.service.DriverCommandExecutor.execute(DriverCommandExecutor.java:174)\n\tat org.openqa.selenium.remote.RemoteWebDriver.execute(RemoteWebDriver.java:519)\n\tat org.openqa.selenium.remote.RemoteWebDriver.execute(RemoteWebDriver.java:592)\n\tat org.openqa.selenium.remote.RemoteWebDriver.execute(RemoteWebDriver.java:596)\n\tat org.openqa.selenium.remote.RemoteWebDriver$RemoteTargetLocator.alert(RemoteWebDriver.java:1164)\n\tat pages.WebPage.validationMessage(WebPage.java:69)\n\tat stepDef.WebStep.validationGetMessage(WebStep.java:93)\n\tat java.base/jdk.internal.reflect.DirectMethodHandleAccessor.invoke(DirectMethodHandleAccessor.java:103)\n\tat java.base/java.lang.reflect.Method.invoke(Method.java:580)\n\tat io.cucumber.java.Invoker.doInvoke(Invoker.java:66)\n\tat io.cucumber.java.Invoker.invoke(Invoker.java:24)\n\tat io.cucumber.java.AbstractGlueDefinition.invokeMethod(AbstractGlueDefinition.java:47)\n\tat io.cucumber.java.JavaStepDefinition.execute(JavaStepDefinition.java:29)\n\tat io.cucumber.core.runner.CoreStepDefinition.execute(CoreStepDefinition.java:66)\n\tat io.cucumber.core.runner.PickleStepDefinitionMatch.runStep(PickleStepDefinitionMatch.java:63)\n\tat io.cucumber.core.runner.ExecutionMode$1.execute(ExecutionMode.java:10)\n\tat io.cucumber.core.runner.TestStep.executeStep(TestStep.java:84)\n\tat io.cucumber.core.runner.TestStep.run(TestStep.java:56)\n\tat io.cucumber.core.runner.PickleStepTestStep.run(PickleStepTestStep.java:51)\n\tat io.cucumber.core.runner.TestCase.run(TestCase.java:84)\n\tat io.cucumber.core.runner.Runner.runPickle(Runner.java:75)\n\tat io.cucumber.core.runtime.Runtime.lambda$executePickle$6(Runtime.java:107)\n\tat io.cucumber.core.runtime.CucumberExecutionContext.lambda$runTestCase$5(CucumberExecutionContext.java:137)\n\tat io.cucumber.core.runtime.RethrowingThrowableCollector.executeAndThrow(RethrowingThrowableCollector.java:23)\n\tat io.cucumber.core.runtime.CucumberExecutionContext.runTestCase(CucumberExecutionContext.java:137)\n\tat io.cucumber.core.runtime.Runtime.lambda$executePickle$7(Runtime.java:107)\n\tat java.base/java.util.concurrent.Executors$RunnableAdapter.call(Executors.java:572)\n\tat java.base/java.util.concurrent.FutureTask.run(FutureTask.java:317)\n\tat io.cucumber.core.runtime.Runtime$SameThreadExecutorService.execute(Runtime.java:235)\n\tat java.base/java.util.concurrent.AbstractExecutorService.submit(AbstractExecutorService.java:123)\n\tat io.cucumber.core.runtime.Runtime.lambda$runFeatures$3(Runtime.java:89)\n\tat java.base/java.util.stream.ReferencePipeline$3$1.accept(ReferencePipeline.java:197)\n\tat java.base/java.util.stream.SliceOps$1$1.accept(SliceOps.java:200)\n\tat java.base/java.util.ArrayList$ArrayListSpliterator.tryAdvance(ArrayList.java:1685)\n\tat java.base/java.util.stream.ReferencePipeline.forEachWithCancel(ReferencePipeline.java:129)\n\tat java.base/java.util.stream.AbstractPipeline.copyIntoWithCancel(AbstractPipeline.java:527)\n\tat java.base/java.util.stream.AbstractPipeline.copyInto(AbstractPipeline.java:513)\n\tat java.base/java.util.stream.AbstractPipeline.wrapAndCopyInto(AbstractPipeline.java:499)\n\tat java.base/java.util.stream.ReduceOps$ReduceOp.evaluateSequential(ReduceOps.java:921)\n\tat java.base/java.util.stream.AbstractPipeline.evaluate(AbstractPipeline.java:234)\n\tat java.base/java.util.stream.ReferencePipeline.collect(ReferencePipeline.java:682)\n\tat io.cucumber.core.runtime.Runtime.runFeatures(Runtime.java:90)\n\tat io.cucumber.core.runtime.Runtime.lambda$run$0(Runtime.java:78)\n\tat io.cucumber.core.runtime.CucumberExecutionContext.lambda$runFeatures$6(CucumberExecutionContext.java:148)\n\tat io.cucumber.core.runtime.CucumberExecutionContext.execute(CucumberExecutionContext.java:163)\n\tat io.cucumber.core.runtime.CucumberExecutionContext.runFeatures(CucumberExecutionContext.java:146)\n\tat io.cucumber.core.runtime.Runtime.run(Runtime.java:78)\n\tat io.cucumber.core.cli.Main.run(Main.java:87)\n\tat io.cucumber.core.cli.Main.main(Main.java:30)\n","duration":2006176999,"status":"failed"},"line":27,"name":"validation get \"alert\" message \"Sign up successful.\"","match":{"arguments":[{"val":"\"alert\"","offset":15},{"val":"\"Sign up successful.\"","offset":31}],"location":"stepDef.WebStep.validationGetMessage(java.lang.String,java.lang.String)"},"keyword":"Then "},{"result":{"duration":98324,"status":"skipped"},"line":28,"name":"user click login menu","match":{"location":"stepDef.WebStep.userClickLoginMenu()"},"keyword":"And "},{"result":{"duration":52669,"status":"skipped"},"line":29,"name":"user input login username","match":{"location":"stepDef.WebStep.userInputLoginUsername()"},"keyword":"And "},{"result":{"duration":48311,"status":"skipped"},"line":30,"name":"user input login pwd","match":{"location":"stepDef.WebStep.userInputLoginPwd()"},"keyword":"And "},{"result":{"duration":49083,"status":"skipped"},"line":31,"name":"user click login button","match":{"location":"stepDef.WebStep.userClickLoginButton()"},"keyword":"When "},{"result":{"duration":47759,"status":"skipped"},"line":32,"name":"validation login successful","match":{"location":"stepDef.WebStep.validationLoginSuccessful()"},"keyword":"Then "}],"tags":[{"name":"@web"},{"name":"@web"}]},{"start_timestamp":"2024-02-22T17:32:58.392Z","before":[{"result":{"duration":560307669,"status":"passed"},"match":{"location":"stepDef.Hooks.beforeTest(io.cucumber.java.Scenario)"}}],"line":35,"name":"Test negative login user not input login username and password","description":"","id":"test-automation-web;test-negative-login-user-not-input-login-username-and-password","after":[{"result":{"duration":2068717597,"status":"passed"},"match":{"location":"stepDef.Hooks.afterTest(io.cucumber.java.Scenario)"}}],"type":"scenario","keyword":"Scenario","steps":[{"result":{"duration":219895780,"status":"passed"},"line":36,"name":"user go to web page","match":{"location":"stepDef.WebStep.userGoToWebPage()"},"keyword":"Given "},{"result":{"duration":61803781,"status":"passed"},"line":37,"name":"user click login menu","match":{"location":"stepDef.WebStep.userClickLoginMenu()"},"keyword":"And "},{"result":{"duration":175890544,"status":"passed"},"line":38,"name":"user click login button","match":{"location":"stepDef.WebStep.userClickLoginButton()"},"keyword":"When "},{"result":{"duration":2012982410,"status":"passed"},"line":39,"name":"validation get \"alert\" message \"Please fill out Username and Password.\"","match":{"arguments":[{"val":"\"alert\"","offset":15},{"val":"\"Please fill out Username and Password.\"","offset":31}],"location":"stepDef.WebStep.validationGetMessage(java.lang.String,java.lang.String)"},"keyword":"Then "}],"tags":[{"name":"@web"},{"name":"@web"}]},{"start_timestamp":"2024-02-22T17:33:03.497Z","before":[{"result":{"duration":570207255,"status":"passed"},"match":{"location":"stepDef.Hooks.beforeTest(io.cucumber.java.Scenario)"}}],"line":42,"name":"Test logout normal","description":"","id":"test-automation-web;test-logout-normal","after":[{"result":{"duration":2068729954,"status":"passed"},"match":{"location":"stepDef.Hooks.afterTest(io.cucumber.java.Scenario)"}}],"type":"scenario","keyword":"Scenario","steps":[{"result":{"duration":301476450,"status":"passed"},"line":43,"name":"user go to web page","match":{"location":"stepDef.WebStep.userGoToWebPage()"},"keyword":"Given "},{"result":{"duration":61618235,"status":"passed"},"line":44,"name":"user click sign up menu","match":{"location":"stepDef.WebStep.userClickSignUpMenu()"},"keyword":"And "},{"result":{"duration":178911942,"status":"passed"},"line":45,"name":"user input sign up username","match":{"location":"stepDef.WebStep.userInputSignUpUsername()"},"keyword":"And "},{"result":{"duration":44251515,"status":"passed"},"line":46,"name":"user input sign up pwd","match":{"location":"stepDef.WebStep.userInputSignUpPwd()"},"keyword":"And "},{"result":{"duration":38123956,"status":"passed"},"line":47,"name":"user click sign up button","match":{"location":"stepDef.WebStep.userClickSignUpButton()"},"keyword":"When "},{"result":{"error_message":"java.lang.RuntimeException: org.openqa.selenium.NoAlertPresentException: no such alert\n  (Session info: chrome-headless-shell=121.0.6167.184)\nBuild info: version: '4.17.0', revision: 'e52b1be057*'\nSystem info: os.name: 'Linux', os.arch: 'amd64', os.version: '6.2.0-1019-azure', java.version: '21.0.2'\nDriver info: org.openqa.selenium.chrome.ChromeDriver\nCommand: [543cd2928adf7447a37f58697203b2e8, getAlertText {}]\nCapabilities {acceptInsecureCerts: false, browserName: chrome-headless-shell, browserVersion: 121.0.6167.184, chrome: {chromedriverVersion: 121.0.6167.184 (057a8ae7deb..., userDataDir: /tmp/.org.chromium.Chromium...}, fedcm:accounts: true, goog:chromeOptions: {debuggerAddress: localhost:45517}, networkConnectionEnabled: false, pageLoadStrategy: normal, platformName: linux, proxy: Proxy(), se:cdp: ws://localhost:45517/devtoo..., se:cdpVersion: 121.0.6167.184, setWindowRect: true, strictFileInteractability: false, timeouts: {implicit: 0, pageLoad: 300000, script: 30000}, unhandledPromptBehavior: dismiss and notify, webauthn:extension:credBlob: true, webauthn:extension:largeBlob: true, webauthn:extension:minPinLength: true, webauthn:extension:prf: true, webauthn:virtualAuthenticators: true}\nSession ID: 543cd2928adf7447a37f58697203b2e8\n\tat pages.WebPage.validationMessage(WebPage.java:82)\n\tat stepDef.WebStep.validationGetMessage(WebStep.java:93)\n\tat ✽.validation get \"alert\" message \"Sign up successful.\"(file:///home/runner/work/Final_Project/Final_Project/src/test/java/features/web.feature:48)\nCaused by: org.openqa.selenium.NoAlertPresentException: no such alert\n  (Session info: chrome-headless-shell=121.0.6167.184)\nBuild info: version: '4.17.0', revision: 'e52b1be057*'\nSystem info: os.name: 'Linux', os.arch: 'amd64', os.version: '6.2.0-1019-azure', java.version: '21.0.2'\nDriver info: org.openqa.selenium.chrome.ChromeDriver\nCommand: [543cd2928adf7447a37f58697203b2e8, getAlertText {}]\nCapabilities {acceptInsecureCerts: false, browserName: chrome-headless-shell, browserVersion: 121.0.6167.184, chrome: {chromedriverVersion: 121.0.6167.184 (057a8ae7deb..., userDataDir: /tmp/.org.chromium.Chromium...}, fedcm:accounts: true, goog:chromeOptions: {debuggerAddress: localhost:45517}, networkConnectionEnabled: false, pageLoadStrategy: normal, platformName: linux, proxy: Proxy(), se:cdp: ws://localhost:45517/devtoo..., se:cdpVersion: 121.0.6167.184, setWindowRect: true, strictFileInteractability: false, timeouts: {implicit: 0, pageLoad: 300000, script: 30000}, unhandledPromptBehavior: dismiss and notify, webauthn:extension:credBlob: true, webauthn:extension:largeBlob: true, webauthn:extension:minPinLength: true, webauthn:extension:prf: true, webauthn:virtualAuthenticators: true}\nSession ID: 543cd2928adf7447a37f58697203b2e8\n\tat java.base/jdk.internal.reflect.DirectConstructorHandleAccessor.newInstance(DirectConstructorHandleAccessor.java:62)\n\tat java.base/java.lang.reflect.Constructor.newInstanceWithCaller(Constructor.java:502)\n\tat java.base/java.lang.reflect.Constructor.newInstance(Constructor.java:486)\n\tat org.openqa.selenium.remote.codec.w3c.W3CHttpResponseCodec.createException(W3CHttpResponseCodec.java:185)\n\tat org.openqa.selenium.remote.codec.w3c.W3CHttpResponseCodec.decode(W3CHttpResponseCodec.java:134)\n\tat org.openqa.selenium.remote.codec.w3c.W3CHttpResponseCodec.decode(W3CHttpResponseCodec.java:51)\n\tat org.openqa.selenium.remote.HttpCommandExecutor.execute(HttpCommandExecutor.java:190)\n\tat org.openqa.selenium.remote.service.DriverCommandExecutor.invokeExecute(DriverCommandExecutor.java:216)\n\tat org.openqa.selenium.remote.service.DriverCommandExecutor.execute(DriverCommandExecutor.java:174)\n\tat org.openqa.selenium.remote.RemoteWebDriver.execute(RemoteWebDriver.java:519)\n\tat org.openqa.selenium.remote.RemoteWebDriver.execute(RemoteWebDriver.java:592)\n\tat org.openqa.selenium.remote.RemoteWebDriver.execute(RemoteWebDriver.java:596)\n\tat org.openqa.selenium.remote.RemoteWebDriver$RemoteTargetLocator.alert(RemoteWebDriver.java:1164)\n\tat pages.WebPage.validationMessage(WebPage.java:69)\n\tat stepDef.WebStep.validationGetMessage(WebStep.java:93)\n\tat java.base/jdk.internal.reflect.DirectMethodHandleAccessor.invoke(DirectMethodHandleAccessor.java:103)\n\tat java.base/java.lang.reflect.Method.invoke(Method.java:580)\n\tat io.cucumber.java.Invoker.doInvoke(Invoker.java:66)\n\tat io.cucumber.java.Invoker.invoke(Invoker.java:24)\n\tat io.cucumber.java.AbstractGlueDefinition.invokeMethod(AbstractGlueDefinition.java:47)\n\tat io.cucumber.java.JavaStepDefinition.execute(JavaStepDefinition.java:29)\n\tat io.cucumber.core.runner.CoreStepDefinition.execute(CoreStepDefinition.java:66)\n\tat io.cucumber.core.runner.PickleStepDefinitionMatch.runStep(PickleStepDefinitionMatch.java:63)\n\tat io.cucumber.core.runner.ExecutionMode$1.execute(ExecutionMode.java:10)\n\tat io.cucumber.core.runner.TestStep.executeStep(TestStep.java:84)\n\tat io.cucumber.core.runner.TestStep.run(TestStep.java:56)\n\tat io.cucumber.core.runner.PickleStepTestStep.run(PickleStepTestStep.java:51)\n\tat io.cucumber.core.runner.TestCase.run(TestCase.java:84)\n\tat io.cucumber.core.runner.Runner.runPickle(Runner.java:75)\n\tat io.cucumber.core.runtime.Runtime.lambda$executePickle$6(Runtime.java:107)\n\tat io.cucumber.core.runtime.CucumberExecutionContext.lambda$runTestCase$5(CucumberExecutionContext.java:137)\n\tat io.cucumber.core.runtime.RethrowingThrowableCollector.executeAndThrow(RethrowingThrowableCollector.java:23)\n\tat io.cucumber.core.runtime.CucumberExecutionContext.runTestCase(CucumberExecutionContext.java:137)\n\tat io.cucumber.core.runtime.Runtime.lambda$executePickle$7(Runtime.java:107)\n\tat java.base/java.util.concurrent.Executors$RunnableAdapter.call(Executors.java:572)\n\tat java.base/java.util.concurrent.FutureTask.run(FutureTask.java:317)\n\tat io.cucumber.core.runtime.Runtime$SameThreadExecutorService.execute(Runtime.java:235)\n\tat java.base/java.util.concurrent.AbstractExecutorService.submit(AbstractExecutorService.java:123)\n\tat io.cucumber.core.runtime.Runtime.lambda$runFeatures$3(Runtime.java:89)\n\tat java.base/java.util.stream.ReferencePipeline$3$1.accept(ReferencePipeline.java:197)\n\tat java.base/java.util.stream.SliceOps$1$1.accept(SliceOps.java:200)\n\tat java.base/java.util.ArrayList$ArrayListSpliterator.tryAdvance(ArrayList.java:1685)\n\tat java.base/java.util.stream.ReferencePipeline.forEachWithCancel(ReferencePipeline.java:129)\n\tat java.base/java.util.stream.AbstractPipeline.copyIntoWithCancel(AbstractPipeline.java:527)\n\tat java.base/java.util.stream.AbstractPipeline.copyInto(AbstractPipeline.java:513)\n\tat java.base/java.util.stream.AbstractPipeline.wrapAndCopyInto(AbstractPipeline.java:499)\n\tat java.base/java.util.stream.ReduceOps$ReduceOp.evaluateSequential(ReduceOps.java:921)\n\tat java.base/java.util.stream.AbstractPipeline.evaluate(AbstractPipeline.java:234)\n\tat java.base/java.util.stream.ReferencePipeline.collect(ReferencePipeline.java:682)\n\tat io.cucumber.core.runtime.Runtime.runFeatures(Runtime.java:90)\n\tat io.cucumber.core.runtime.Runtime.lambda$run$0(Runtime.java:78)\n\tat io.cucumber.core.runtime.CucumberExecutionContext.lambda$runFeatures$6(CucumberExecutionContext.java:148)\n\tat io.cucumber.core.runtime.CucumberExecutionContext.execute(CucumberExecutionContext.java:163)\n\tat io.cucumber.core.runtime.CucumberExecutionContext.runFeatures(CucumberExecutionContext.java:146)\n\tat io.cucumber.core.runtime.Runtime.run(Runtime.java:78)\n\tat io.cucumber.core.cli.Main.run(Main.java:87)\n\tat io.cucumber.core.cli.Main.main(Main.java:30)\n","duration":2005944316,"status":"failed"},"line":48,"name":"validation get \"alert\" message \"Sign up successful.\"","match":{"arguments":[{"val":"\"alert\"","offset":15},{"val":"\"Sign up successful.\"","offset":31}],"location":"stepDef.WebStep.validationGetMessage(java.lang.String,java.lang.String)"},"keyword":"Then "},{"result":{"duration":1346398,"status":"skipped"},"line":49,"name":"user click login menu","match":{"location":"stepDef.WebStep.userClickLoginMenu()"},"keyword":"And "},{"result":{"duration":82365,"status":"skipped"},"line":50,"name":"user input login username","match":{"location":"stepDef.WebStep.userInputLoginUsername()"},"keyword":"And "},{"result":{"duration":49683,"status":"skipped"},"line":51,"name":"user input login pwd","match":{"location":"stepDef.WebStep.userInputLoginPwd()"},"keyword":"And "},{"result":{"duration":47659,"status":"skipped"},"line":52,"name":"user click login button","match":{"location":"stepDef.WebStep.userClickLoginButton()"},"keyword":"When "},{"result":{"duration":47409,"status":"skipped"},"line":53,"name":"validation login successful","match":{"location":"stepDef.WebStep.validationLoginSuccessful()"},"keyword":"Then "},{"result":{"duration":96671,"status":"skipped"},"line":54,"name":"user click logout button","match":{"location":"stepDef.WebStep.userClickLogoutButton()"},"keyword":"And "},{"result":{"duration":56105,"status":"skipped"},"line":55,"name":"validation logout successful","match":{"location":"stepDef.WebStep.validationLogoutSuccessful()"},"keyword":"Then "}],"tags":[{"name":"@web"},{"name":"@web"}]},{"start_timestamp":"2024-02-22T17:33:08.782Z","before":[{"result":{"duration":569250886,"status":"passed"},"match":{"location":"stepDef.Hooks.beforeTest(io.cucumber.java.Scenario)"}}],"line":58,"name":"Test sort by product categories normal","description":"","id":"test-automation-web;test-sort-by-product-categories-normal","after":[{"result":{"duration":2069043984,"status":"passed"},"match":{"location":"stepDef.Hooks.afterTest(io.cucumber.java.Scenario)"}}],"type":"scenario","keyword":"Scenario","steps":[{"result":{"duration":219655614,"status":"passed"},"line":59,"name":"user go to web page","match":{"location":"stepDef.WebStep.userGoToWebPage()"},"keyword":"Given "},{"result":{"duration":72235831,"status":"passed"},"line":60,"name":"user click sign up menu","match":{"location":"stepDef.WebStep.userClickSignUpMenu()"},"keyword":"And "},{"result":{"duration":179275820,"status":"passed"},"line":61,"name":"user input sign up username","match":{"location":"stepDef.WebStep.userInputSignUpUsername()"},"keyword":"And "},{"result":{"duration":46735272,"status":"passed"},"line":62,"name":"user input sign up pwd","match":{"location":"stepDef.WebStep.userInputSignUpPwd()"},"keyword":"And "},{"result":{"duration":37114014,"status":"passed"},"line":63,"name":"user click sign up button","match":{"location":"stepDef.WebStep.userClickSignUpButton()"},"keyword":"When "},{"result":{"error_message":"java.lang.RuntimeException: org.openqa.selenium.NoAlertPresentException: no such alert\n  (Session info: chrome-headless-shell=121.0.6167.184)\nBuild info: version: '4.17.0', revision: 'e52b1be057*'\nSystem info: os.name: 'Linux', os.arch: 'amd64', os.version: '6.2.0-1019-azure', java.version: '21.0.2'\nDriver info: org.openqa.selenium.chrome.ChromeDriver\nCommand: [6878a20f190e8c1100e065b3cc6d6af4, getAlertText {}]\nCapabilities {acceptInsecureCerts: false, browserName: chrome-headless-shell, browserVersion: 121.0.6167.184, chrome: {chromedriverVersion: 121.0.6167.184 (057a8ae7deb..., userDataDir: /tmp/.org.chromium.Chromium...}, fedcm:accounts: true, goog:chromeOptions: {debuggerAddress: localhost:33507}, networkConnectionEnabled: false, pageLoadStrategy: normal, platformName: linux, proxy: Proxy(), se:cdp: ws://localhost:33507/devtoo..., se:cdpVersion: 121.0.6167.184, setWindowRect: true, strictFileInteractability: false, timeouts: {implicit: 0, pageLoad: 300000, script: 30000}, unhandledPromptBehavior: dismiss and notify, webauthn:extension:credBlob: true, webauthn:extension:largeBlob: true, webauthn:extension:minPinLength: true, webauthn:extension:prf: true, webauthn:virtualAuthenticators: true}\nSession ID: 6878a20f190e8c1100e065b3cc6d6af4\n\tat pages.WebPage.validationMessage(WebPage.java:82)\n\tat stepDef.WebStep.validationGetMessage(WebStep.java:93)\n\tat ✽.validation get \"alert\" message \"Sign up successful.\"(file:///home/runner/work/Final_Project/Final_Project/src/test/java/features/web.feature:64)\nCaused by: org.openqa.selenium.NoAlertPresentException: no such alert\n  (Session info: chrome-headless-shell=121.0.6167.184)\nBuild info: version: '4.17.0', revision: 'e52b1be057*'\nSystem info: os.name: 'Linux', os.arch: 'amd64', os.version: '6.2.0-1019-azure', java.version: '21.0.2'\nDriver info: org.openqa.selenium.chrome.ChromeDriver\nCommand: [6878a20f190e8c1100e065b3cc6d6af4, getAlertText {}]\nCapabilities {acceptInsecureCerts: false, browserName: chrome-headless-shell, browserVersion: 121.0.6167.184, chrome: {chromedriverVersion: 121.0.6167.184 (057a8ae7deb..., userDataDir: /tmp/.org.chromium.Chromium...}, fedcm:accounts: true, goog:chromeOptions: {debuggerAddress: localhost:33507}, networkConnectionEnabled: false, pageLoadStrategy: normal, platformName: linux, proxy: Proxy(), se:cdp: ws://localhost:33507/devtoo..., se:cdpVersion: 121.0.6167.184, setWindowRect: true, strictFileInteractability: false, timeouts: {implicit: 0, pageLoad: 300000, script: 30000}, unhandledPromptBehavior: dismiss and notify, webauthn:extension:credBlob: true, webauthn:extension:largeBlob: true, webauthn:extension:minPinLength: true, webauthn:extension:prf: true, webauthn:virtualAuthenticators: true}\nSession ID: 6878a20f190e8c1100e065b3cc6d6af4\n\tat java.base/jdk.internal.reflect.DirectConstructorHandleAccessor.newInstance(DirectConstructorHandleAccessor.java:62)\n\tat java.base/java.lang.reflect.Constructor.newInstanceWithCaller(Constructor.java:502)\n\tat java.base/java.lang.reflect.Constructor.newInstance(Constructor.java:486)\n\tat org.openqa.selenium.remote.codec.w3c.W3CHttpResponseCodec.createException(W3CHttpResponseCodec.java:185)\n\tat org.openqa.selenium.remote.codec.w3c.W3CHttpResponseCodec.decode(W3CHttpResponseCodec.java:134)\n\tat org.openqa.selenium.remote.codec.w3c.W3CHttpResponseCodec.decode(W3CHttpResponseCodec.java:51)\n\tat org.openqa.selenium.remote.HttpCommandExecutor.execute(HttpCommandExecutor.java:190)\n\tat org.openqa.selenium.remote.service.DriverCommandExecutor.invokeExecute(DriverCommandExecutor.java:216)\n\tat org.openqa.selenium.remote.service.DriverCommandExecutor.execute(DriverCommandExecutor.java:174)\n\tat org.openqa.selenium.remote.RemoteWebDriver.execute(RemoteWebDriver.java:519)\n\tat org.openqa.selenium.remote.RemoteWebDriver.execute(RemoteWebDriver.java:592)\n\tat org.openqa.selenium.remote.RemoteWebDriver.execute(RemoteWebDriver.java:596)\n\tat org.openqa.selenium.remote.RemoteWebDriver$RemoteTargetLocator.alert(RemoteWebDriver.java:1164)\n\tat pages.WebPage.validationMessage(WebPage.java:69)\n\tat stepDef.WebStep.validationGetMessage(WebStep.java:93)\n\tat java.base/jdk.internal.reflect.DirectMethodHandleAccessor.invoke(DirectMethodHandleAccessor.java:103)\n\tat java.base/java.lang.reflect.Method.invoke(Method.java:580)\n\tat io.cucumber.java.Invoker.doInvoke(Invoker.java:66)\n\tat io.cucumber.java.Invoker.invoke(Invoker.java:24)\n\tat io.cucumber.java.AbstractGlueDefinition.invokeMethod(AbstractGlueDefinition.java:47)\n\tat io.cucumber.java.JavaStepDefinition.execute(JavaStepDefinition.java:29)\n\tat io.cucumber.core.runner.CoreStepDefinition.execute(CoreStepDefinition.java:66)\n\tat io.cucumber.core.runner.PickleStepDefinitionMatch.runStep(PickleStepDefinitionMatch.java:63)\n\tat io.cucumber.core.runner.ExecutionMode$1.execute(ExecutionMode.java:10)\n\tat io.cucumber.core.runner.TestStep.executeStep(TestStep.java:84)\n\tat io.cucumber.core.runner.TestStep.run(TestStep.java:56)\n\tat io.cucumber.core.runner.PickleStepTestStep.run(PickleStepTestStep.java:51)\n\tat io.cucumber.core.runner.TestCase.run(TestCase.java:84)\n\tat io.cucumber.core.runner.Runner.runPickle(Runner.java:75)\n\tat io.cucumber.core.runtime.Runtime.lambda$executePickle$6(Runtime.java:107)\n\tat io.cucumber.core.runtime.CucumberExecutionContext.lambda$runTestCase$5(CucumberExecutionContext.java:137)\n\tat io.cucumber.core.runtime.RethrowingThrowableCollector.executeAndThrow(RethrowingThrowableCollector.java:23)\n\tat io.cucumber.core.runtime.CucumberExecutionContext.runTestCase(CucumberExecutionContext.java:137)\n\tat io.cucumber.core.runtime.Runtime.lambda$executePickle$7(Runtime.java:107)\n\tat java.base/java.util.concurrent.Executors$RunnableAdapter.call(Executors.java:572)\n\tat java.base/java.util.concurrent.FutureTask.run(FutureTask.java:317)\n\tat io.cucumber.core.runtime.Runtime$SameThreadExecutorService.execute(Runtime.java:235)\n\tat java.base/java.util.concurrent.AbstractExecutorService.submit(AbstractExecutorService.java:123)\n\tat io.cucumber.core.runtime.Runtime.lambda$runFeatures$3(Runtime.java:89)\n\tat java.base/java.util.stream.ReferencePipeline$3$1.accept(ReferencePipeline.java:197)\n\tat java.base/java.util.stream.SliceOps$1$1.accept(SliceOps.java:200)\n\tat java.base/java.util.ArrayList$ArrayListSpliterator.tryAdvance(ArrayList.java:1685)\n\tat java.base/java.util.stream.ReferencePipeline.forEachWithCancel(ReferencePipeline.java:129)\n\tat java.base/java.util.stream.AbstractPipeline.copyIntoWithCancel(AbstractPipeline.java:527)\n\tat java.base/java.util.stream.AbstractPipeline.copyInto(AbstractPipeline.java:513)\n\tat java.base/java.util.stream.AbstractPipeline.wrapAndCopyInto(AbstractPipeline.java:499)\n\tat java.base/java.util.stream.ReduceOps$ReduceOp.evaluateSequential(ReduceOps.java:921)\n\tat java.base/java.util.stream.AbstractPipeline.evaluate(AbstractPipeline.java:234)\n\tat java.base/java.util.stream.ReferencePipeline.collect(ReferencePipeline.java:682)\n\tat io.cucumber.core.runtime.Runtime.runFeatures(Runtime.java:90)\n\tat io.cucumber.core.runtime.Runtime.lambda$run$0(Runtime.java:78)\n\tat io.cucumber.core.runtime.CucumberExecutionContext.lambda$runFeatures$6(CucumberExecutionContext.java:148)\n\tat io.cucumber.core.runtime.CucumberExecutionContext.execute(CucumberExecutionContext.java:163)\n\tat io.cucumber.core.runtime.CucumberExecutionContext.runFeatures(CucumberExecutionContext.java:146)\n\tat io.cucumber.core.runtime.Runtime.run(Runtime.java:78)\n\tat io.cucumber.core.cli.Main.run(Main.java:87)\n\tat io.cucumber.core.cli.Main.main(Main.java:30)\n","duration":2005969546,"status":"failed"},"line":64,"name":"validation get \"alert\" message \"Sign up successful.\"","match":{"arguments":[{"val":"\"alert\"","offset":15},{"val":"\"Sign up successful.\"","offset":31}],"location":"stepDef.WebStep.validationGetMessage(java.lang.String,java.lang.String)"},"keyword":"Then "},{"result":{"duration":69250,"status":"skipped"},"line":65,"name":"user click login menu","match":{"location":"stepDef.WebStep.userClickLoginMenu()"},"keyword":"And "},{"result":{"duration":49723,"status":"skipped"},"line":66,"name":"user input login username","match":{"location":"stepDef.WebStep.userInputLoginUsername()"},"keyword":"And "},{"result":{"duration":44945,"status":"skipped"},"line":67,"name":"user input login pwd","match":{"location":"stepDef.WebStep.userInputLoginPwd()"},"keyword":"And "},{"result":{"duration":66224,"status":"skipped"},"line":68,"name":"user click login button","match":{"location":"stepDef.WebStep.userClickLoginButton()"},"keyword":"When "},{"result":{"duration":48551,"status":"skipped"},"line":69,"name":"validation login successful","match":{"location":"stepDef.WebStep.validationLoginSuccessful()"},"keyword":"Then "},{"result":{"duration":45706,"status":"skipped"},"line":70,"name":"user click categories \"Phones\"","match":{"arguments":[{"val":"\"Phones\"","offset":22}],"location":"stepDef.WebStep.userClickCategories(java.lang.String)"},"keyword":"And "},{"result":{"duration":48231,"status":"skipped"},"line":71,"name":"validation page display \"Phones\" product","match":{"arguments":[{"val":"\"Phones\"","offset":24}],"location":"stepDef.WebStep.validationPageDisplayProduct(java.lang.String)"},"keyword":"Then "},{"result":{"duration":52628,"status":"skipped"},"line":72,"name":"user click categories \"Laptops\"","match":{"arguments":[{"val":"\"Laptops\"","offset":22}],"location":"stepDef.WebStep.userClickCategories(java.lang.String)"},"keyword":"And "},{"result":{"duration":52699,"status":"skipped"},"line":73,"name":"validation page display \"Laptops\" product","match":{"arguments":[{"val":"\"Laptops\"","offset":24}],"location":"stepDef.WebStep.validationPageDisplayProduct(java.lang.String)"},"keyword":"Then "},{"result":{"duration":55354,"status":"skipped"},"line":74,"name":"user click categories \"Monitors\"","match":{"arguments":[{"val":"\"Monitors\"","offset":22}],"location":"stepDef.WebStep.userClickCategories(java.lang.String)"},"keyword":"And "},{"result":{"duration":50805,"status":"skipped"},"line":75,"name":"validation page display \"Monitors\" product","match":{"arguments":[{"val":"\"Monitors\"","offset":24}],"location":"stepDef.WebStep.validationPageDisplayProduct(java.lang.String)"},"keyword":"Then "}],"tags":[{"name":"@web"},{"name":"@web"}]},{"start_timestamp":"2024-02-22T17:33:13.993Z","before":[{"result":{"duration":564563783,"status":"passed"},"match":{"location":"stepDef.Hooks.beforeTest(io.cucumber.java.Scenario)"}}],"line":78,"name":"Test add to cart normal","description":"","id":"test-automation-web;test-add-to-cart-normal","after":[{"result":{"duration":2068449642,"status":"passed"},"match":{"location":"stepDef.Hooks.afterTest(io.cucumber.java.Scenario)"}}],"type":"scenario","keyword":"Scenario","steps":[{"result":{"duration":235395934,"status":"passed"},"line":79,"name":"user go to web page","match":{"location":"stepDef.WebStep.userGoToWebPage()"},"keyword":"Given "},{"result":{"duration":61562205,"status":"passed"},"line":80,"name":"user click sign up menu","match":{"location":"stepDef.WebStep.userClickSignUpMenu()"},"keyword":"And "},{"result":{"duration":190581830,"status":"passed"},"line":81,"name":"user input sign up username","match":{"location":"stepDef.WebStep.userInputSignUpUsername()"},"keyword":"And "},{"result":{"duration":45705834,"status":"passed"},"line":82,"name":"user input sign up pwd","match":{"location":"stepDef.WebStep.userInputSignUpPwd()"},"keyword":"And "},{"result":{"duration":45164974,"status":"passed"},"line":83,"name":"user click sign up button","match":{"location":"stepDef.WebStep.userClickSignUpButton()"},"keyword":"When "},{"result":{"error_message":"java.lang.RuntimeException: org.openqa.selenium.NoAlertPresentException: no such alert\n  (Session info: chrome-headless-shell=121.0.6167.184)\nBuild info: version: '4.17.0', revision: 'e52b1be057*'\nSystem info: os.name: 'Linux', os.arch: 'amd64', os.version: '6.2.0-1019-azure', java.version: '21.0.2'\nDriver info: org.openqa.selenium.chrome.ChromeDriver\nCommand: [6032dfe91f458a0877a488776cb49c9d, getAlertText {}]\nCapabilities {acceptInsecureCerts: false, browserName: chrome-headless-shell, browserVersion: 121.0.6167.184, chrome: {chromedriverVersion: 121.0.6167.184 (057a8ae7deb..., userDataDir: /tmp/.org.chromium.Chromium...}, fedcm:accounts: true, goog:chromeOptions: {debuggerAddress: localhost:33921}, networkConnectionEnabled: false, pageLoadStrategy: normal, platformName: linux, proxy: Proxy(), se:cdp: ws://localhost:33921/devtoo..., se:cdpVersion: 121.0.6167.184, setWindowRect: true, strictFileInteractability: false, timeouts: {implicit: 0, pageLoad: 300000, script: 30000}, unhandledPromptBehavior: dismiss and notify, webauthn:extension:credBlob: true, webauthn:extension:largeBlob: true, webauthn:extension:minPinLength: true, webauthn:extension:prf: true, webauthn:virtualAuthenticators: true}\nSession ID: 6032dfe91f458a0877a488776cb49c9d\n\tat pages.WebPage.validationMessage(WebPage.java:82)\n\tat stepDef.WebStep.validationGetMessage(WebStep.java:93)\n\tat ✽.validation get \"alert\" message \"Sign up successful.\"(file:///home/runner/work/Final_Project/Final_Project/src/test/java/features/web.feature:84)\nCaused by: org.openqa.selenium.NoAlertPresentException: no such alert\n  (Session info: chrome-headless-shell=121.0.6167.184)\nBuild info: version: '4.17.0', revision: 'e52b1be057*'\nSystem info: os.name: 'Linux', os.arch: 'amd64', os.version: '6.2.0-1019-azure', java.version: '21.0.2'\nDriver info: org.openqa.selenium.chrome.ChromeDriver\nCommand: [6032dfe91f458a0877a488776cb49c9d, getAlertText {}]\nCapabilities {acceptInsecureCerts: false, browserName: chrome-headless-shell, browserVersion: 121.0.6167.184, chrome: {chromedriverVersion: 121.0.6167.184 (057a8ae7deb..., userDataDir: /tmp/.org.chromium.Chromium...}, fedcm:accounts: true, goog:chromeOptions: {debuggerAddress: localhost:33921}, networkConnectionEnabled: false, pageLoadStrategy: normal, platformName: linux, proxy: Proxy(), se:cdp: ws://localhost:33921/devtoo..., se:cdpVersion: 121.0.6167.184, setWindowRect: true, strictFileInteractability: false, timeouts: {implicit: 0, pageLoad: 300000, script: 30000}, unhandledPromptBehavior: dismiss and notify, webauthn:extension:credBlob: true, webauthn:extension:largeBlob: true, webauthn:extension:minPinLength: true, webauthn:extension:prf: true, webauthn:virtualAuthenticators: true}\nSession ID: 6032dfe91f458a0877a488776cb49c9d\n\tat java.base/jdk.internal.reflect.DirectConstructorHandleAccessor.newInstance(DirectConstructorHandleAccessor.java:62)\n\tat java.base/java.lang.reflect.Constructor.newInstanceWithCaller(Constructor.java:502)\n\tat java.base/java.lang.reflect.Constructor.newInstance(Constructor.java:486)\n\tat org.openqa.selenium.remote.codec.w3c.W3CHttpResponseCodec.createException(W3CHttpResponseCodec.java:185)\n\tat org.openqa.selenium.remote.codec.w3c.W3CHttpResponseCodec.decode(W3CHttpResponseCodec.java:134)\n\tat org.openqa.selenium.remote.codec.w3c.W3CHttpResponseCodec.decode(W3CHttpResponseCodec.java:51)\n\tat org.openqa.selenium.remote.HttpCommandExecutor.execute(HttpCommandExecutor.java:190)\n\tat org.openqa.selenium.remote.service.DriverCommandExecutor.invokeExecute(DriverCommandExecutor.java:216)\n\tat org.openqa.selenium.remote.service.DriverCommandExecutor.execute(DriverCommandExecutor.java:174)\n\tat org.openqa.selenium.remote.RemoteWebDriver.execute(RemoteWebDriver.java:519)\n\tat org.openqa.selenium.remote.RemoteWebDriver.execute(RemoteWebDriver.java:592)\n\tat org.openqa.selenium.remote.RemoteWebDriver.execute(RemoteWebDriver.java:596)\n\tat org.openqa.selenium.remote.RemoteWebDriver$RemoteTargetLocator.alert(RemoteWebDriver.java:1164)\n\tat pages.WebPage.validationMessage(WebPage.java:69)\n\tat stepDef.WebStep.validationGetMessage(WebStep.java:93)\n\tat java.base/jdk.internal.reflect.DirectMethodHandleAccessor.invoke(DirectMethodHandleAccessor.java:103)\n\tat java.base/java.lang.reflect.Method.invoke(Method.java:580)\n\tat io.cucumber.java.Invoker.doInvoke(Invoker.java:66)\n\tat io.cucumber.java.Invoker.invoke(Invoker.java:24)\n\tat io.cucumber.java.AbstractGlueDefinition.invokeMethod(AbstractGlueDefinition.java:47)\n\tat io.cucumber.java.JavaStepDefinition.execute(JavaStepDefinition.java:29)\n\tat io.cucumber.core.runner.CoreStepDefinition.execute(CoreStepDefinition.java:66)\n\tat io.cucumber.core.runner.PickleStepDefinitionMatch.runStep(PickleStepDefinitionMatch.java:63)\n\tat io.cucumber.core.runner.ExecutionMode$1.execute(ExecutionMode.java:10)\n\tat io.cucumber.core.runner.TestStep.executeStep(TestStep.java:84)\n\tat io.cucumber.core.runner.TestStep.run(TestStep.java:56)\n\tat io.cucumber.core.runner.PickleStepTestStep.run(PickleStepTestStep.java:51)\n\tat io.cucumber.core.runner.TestCase.run(TestCase.java:84)\n\tat io.cucumber.core.runner.Runner.runPickle(Runner.java:75)\n\tat io.cucumber.core.runtime.Runtime.lambda$executePickle$6(Runtime.java:107)\n\tat io.cucumber.core.runtime.CucumberExecutionContext.lambda$runTestCase$5(CucumberExecutionContext.java:137)\n\tat io.cucumber.core.runtime.RethrowingThrowableCollector.executeAndThrow(RethrowingThrowableCollector.java:23)\n\tat io.cucumber.core.runtime.CucumberExecutionContext.runTestCase(CucumberExecutionContext.java:137)\n\tat io.cucumber.core.runtime.Runtime.lambda$executePickle$7(Runtime.java:107)\n\tat java.base/java.util.concurrent.Executors$RunnableAdapter.call(Executors.java:572)\n\tat java.base/java.util.concurrent.FutureTask.run(FutureTask.java:317)\n\tat io.cucumber.core.runtime.Runtime$SameThreadExecutorService.execute(Runtime.java:235)\n\tat java.base/java.util.concurrent.AbstractExecutorService.submit(AbstractExecutorService.java:123)\n\tat io.cucumber.core.runtime.Runtime.lambda$runFeatures$3(Runtime.java:89)\n\tat java.base/java.util.stream.ReferencePipeline$3$1.accept(ReferencePipeline.java:197)\n\tat java.base/java.util.stream.SliceOps$1$1.accept(SliceOps.java:200)\n\tat java.base/java.util.ArrayList$ArrayListSpliterator.tryAdvance(ArrayList.java:1685)\n\tat java.base/java.util.stream.ReferencePipeline.forEachWithCancel(ReferencePipeline.java:129)\n\tat java.base/java.util.stream.AbstractPipeline.copyIntoWithCancel(AbstractPipeline.java:527)\n\tat java.base/java.util.stream.AbstractPipeline.copyInto(AbstractPipeline.java:513)\n\tat java.base/java.util.stream.AbstractPipeline.wrapAndCopyInto(AbstractPipeline.java:499)\n\tat java.base/java.util.stream.ReduceOps$ReduceOp.evaluateSequential(ReduceOps.java:921)\n\tat java.base/java.util.stream.AbstractPipeline.evaluate(AbstractPipeline.java:234)\n\tat java.base/java.util.stream.ReferencePipeline.collect(ReferencePipeline.java:682)\n\tat io.cucumber.core.runtime.Runtime.runFeatures(Runtime.java:90)\n\tat io.cucumber.core.runtime.Runtime.lambda$run$0(Runtime.java:78)\n\tat io.cucumber.core.runtime.CucumberExecutionContext.lambda$runFeatures$6(CucumberExecutionContext.java:148)\n\tat io.cucumber.core.runtime.CucumberExecutionContext.execute(CucumberExecutionContext.java:163)\n\tat io.cucumber.core.runtime.CucumberExecutionContext.runFeatures(CucumberExecutionContext.java:146)\n\tat io.cucumber.core.runtime.Runtime.run(Runtime.java:78)\n\tat io.cucumber.core.cli.Main.run(Main.java:87)\n\tat io.cucumber.core.cli.Main.main(Main.java:30)\n","duration":2007336582,"status":"failed"},"line":84,"name":"validation get \"alert\" message \"Sign up successful.\"","match":{"arguments":[{"val":"\"alert\"","offset":15},{"val":"\"Sign up successful.\"","offset":31}],"location":"stepDef.WebStep.validationGetMessage(java.lang.String,java.lang.String)"},"keyword":"Then "},{"result":{"duration":50054,"status":"skipped"},"line":85,"name":"user click login menu","match":{"location":"stepDef.WebStep.userClickLoginMenu()"},"keyword":"And "},{"result":{"duration":31539,"status":"skipped"},"line":86,"name":"user input login username","match":{"location":"stepDef.WebStep.userInputLoginUsername()"},"keyword":"And "},{"result":{"duration":29735,"status":"skipped"},"line":87,"name":"user input login pwd","match":{"location":"stepDef.WebStep.userInputLoginPwd()"},"keyword":"And "},{"result":{"duration":29215,"status":"skipped"},"line":88,"name":"user click login button","match":{"location":"stepDef.WebStep.userClickLoginButton()"},"keyword":"When "},{"result":{"duration":33914,"status":"skipped"},"line":89,"name":"validation login successful","match":{"location":"stepDef.WebStep.validationLoginSuccessful()"},"keyword":"Then "},{"result":{"duration":27922,"status":"skipped"},"line":90,"name":"user click product name","match":{"location":"stepDef.WebStep.userClickProductName()"},"keyword":"And "},{"result":{"duration":27621,"status":"skipped"},"line":91,"name":"user click add to cart button","match":{"location":"stepDef.WebStep.userClickAddToCartButton()"},"keyword":"And "},{"result":{"duration":46487,"status":"skipped"},"line":92,"name":"validation get \"alert\" message \"Product added.\"","match":{"arguments":[{"val":"\"alert\"","offset":15},{"val":"\"Product added.\"","offset":31}],"location":"stepDef.WebStep.validationGetMessage(java.lang.String,java.lang.String)"},"keyword":"Then "},{"result":{"duration":47049,"status":"skipped"},"line":93,"name":"user click home menu","match":{"location":"stepDef.WebStep.userClickHomeMenu()"},"keyword":"And "},{"result":{"duration":41468,"status":"skipped"},"line":94,"name":"user click product name","match":{"location":"stepDef.WebStep.userClickProductName()"},"keyword":"And "},{"result":{"duration":39845,"status":"skipped"},"line":95,"name":"user click add to cart button","match":{"location":"stepDef.WebStep.userClickAddToCartButton()"},"keyword":"And "},{"result":{"duration":44614,"status":"skipped"},"line":96,"name":"validation get \"alert\" message \"Product added.\"","match":{"arguments":[{"val":"\"alert\"","offset":15},{"val":"\"Product added.\"","offset":31}],"location":"stepDef.WebStep.validationGetMessage(java.lang.String,java.lang.String)"},"keyword":"Then "},{"result":{"duration":48081,"status":"skipped"},"line":97,"name":"user click cart menu","match":{"location":"stepDef.WebStep.userClickCartMenu()"},"keyword":"And "},{"result":{"duration":45415,"status":"skipped"},"line":98,"name":"validation cart page display equals 2 product","match":{"arguments":[{"val":"2","offset":36}],"location":"stepDef.WebStep.validationCartPageDisplayEqualsProduct(int)"},"keyword":"Then "},{"result":{"duration":47629,"status":"skipped"},"line":99,"name":"validation total price is equals price of product","match":{"location":"stepDef.WebStep.validationTotalPriceIsEqualsPriceOfProduct()"},"keyword":"Then "}],"tags":[{"name":"@web"},{"name":"@web"}]},{"start_timestamp":"2024-02-22T17:33:19.225Z","before":[{"result":{"duration":560703134,"status":"passed"},"match":{"location":"stepDef.Hooks.beforeTest(io.cucumber.java.Scenario)"}}],"line":102,"name":"Test delete product from cart","description":"","id":"test-automation-web;test-delete-product-from-cart","after":[{"result":{"duration":2068525706,"status":"passed"},"match":{"location":"stepDef.Hooks.afterTest(io.cucumber.java.Scenario)"}}],"type":"scenario","keyword":"Scenario","steps":[{"result":{"duration":220554900,"status":"passed"},"line":103,"name":"user go to web page","match":{"location":"stepDef.WebStep.userGoToWebPage()"},"keyword":"Given "},{"result":{"duration":80477743,"status":"passed"},"line":104,"name":"user click sign up menu","match":{"location":"stepDef.WebStep.userClickSignUpMenu()"},"keyword":"And "},{"result":{"duration":180858272,"status":"passed"},"line":105,"name":"user input sign up username","match":{"location":"stepDef.WebStep.userInputSignUpUsername()"},"keyword":"And "},{"result":{"duration":48128691,"status":"passed"},"line":106,"name":"user input sign up pwd","match":{"location":"stepDef.WebStep.userInputSignUpPwd()"},"keyword":"And "},{"result":{"duration":36290493,"status":"passed"},"line":107,"name":"user click sign up button","match":{"location":"stepDef.WebStep.userClickSignUpButton()"},"keyword":"When "},{"result":{"error_message":"java.lang.RuntimeException: org.openqa.selenium.NoAlertPresentException: no such alert\n  (Session info: chrome-headless-shell=121.0.6167.184)\nBuild info: version: '4.17.0', revision: 'e52b1be057*'\nSystem info: os.name: 'Linux', os.arch: 'amd64', os.version: '6.2.0-1019-azure', java.version: '21.0.2'\nDriver info: org.openqa.selenium.chrome.ChromeDriver\nCommand: [a2366db708a60a8ce8fd3fb17c0e93f8, getAlertText {}]\nCapabilities {acceptInsecureCerts: false, browserName: chrome-headless-shell, browserVersion: 121.0.6167.184, chrome: {chromedriverVersion: 121.0.6167.184 (057a8ae7deb..., userDataDir: /tmp/.org.chromium.Chromium...}, fedcm:accounts: true, goog:chromeOptions: {debuggerAddress: localhost:37917}, networkConnectionEnabled: false, pageLoadStrategy: normal, platformName: linux, proxy: Proxy(), se:cdp: ws://localhost:37917/devtoo..., se:cdpVersion: 121.0.6167.184, setWindowRect: true, strictFileInteractability: false, timeouts: {implicit: 0, pageLoad: 300000, script: 30000}, unhandledPromptBehavior: dismiss and notify, webauthn:extension:credBlob: true, webauthn:extension:largeBlob: true, webauthn:extension:minPinLength: true, webauthn:extension:prf: true, webauthn:virtualAuthenticators: true}\nSession ID: a2366db708a60a8ce8fd3fb17c0e93f8\n\tat pages.WebPage.validationMessage(WebPage.java:82)\n\tat stepDef.WebStep.validationGetMessage(WebStep.java:93)\n\tat ✽.validation get \"alert\" message \"Sign up successful.\"(file:///home/runner/work/Final_Project/Final_Project/src/test/java/features/web.feature:108)\nCaused by: org.openqa.selenium.NoAlertPresentException: no such alert\n  (Session info: chrome-headless-shell=121.0.6167.184)\nBuild info: version: '4.17.0', revision: 'e52b1be057*'\nSystem info: os.name: 'Linux', os.arch: 'amd64', os.version: '6.2.0-1019-azure', java.version: '21.0.2'\nDriver info: org.openqa.selenium.chrome.ChromeDriver\nCommand: [a2366db708a60a8ce8fd3fb17c0e93f8, getAlertText {}]\nCapabilities {acceptInsecureCerts: false, browserName: chrome-headless-shell, browserVersion: 121.0.6167.184, chrome: {chromedriverVersion: 121.0.6167.184 (057a8ae7deb..., userDataDir: /tmp/.org.chromium.Chromium...}, fedcm:accounts: true, goog:chromeOptions: {debuggerAddress: localhost:37917}, networkConnectionEnabled: false, pageLoadStrategy: normal, platformName: linux, proxy: Proxy(), se:cdp: ws://localhost:37917/devtoo..., se:cdpVersion: 121.0.6167.184, setWindowRect: true, strictFileInteractability: false, timeouts: {implicit: 0, pageLoad: 300000, script: 30000}, unhandledPromptBehavior: dismiss and notify, webauthn:extension:credBlob: true, webauthn:extension:largeBlob: true, webauthn:extension:minPinLength: true, webauthn:extension:prf: true, webauthn:virtualAuthenticators: true}\nSession ID: a2366db708a60a8ce8fd3fb17c0e93f8\n\tat java.base/jdk.internal.reflect.DirectConstructorHandleAccessor.newInstance(DirectConstructorHandleAccessor.java:62)\n\tat java.base/java.lang.reflect.Constructor.newInstanceWithCaller(Constructor.java:502)\n\tat java.base/java.lang.reflect.Constructor.newInstance(Constructor.java:486)\n\tat org.openqa.selenium.remote.codec.w3c.W3CHttpResponseCodec.createException(W3CHttpResponseCodec.java:185)\n\tat org.openqa.selenium.remote.codec.w3c.W3CHttpResponseCodec.decode(W3CHttpResponseCodec.java:134)\n\tat org.openqa.selenium.remote.codec.w3c.W3CHttpResponseCodec.decode(W3CHttpResponseCodec.java:51)\n\tat org.openqa.selenium.remote.HttpCommandExecutor.execute(HttpCommandExecutor.java:190)\n\tat org.openqa.selenium.remote.service.DriverCommandExecutor.invokeExecute(DriverCommandExecutor.java:216)\n\tat org.openqa.selenium.remote.service.DriverCommandExecutor.execute(DriverCommandExecutor.java:174)\n\tat org.openqa.selenium.remote.RemoteWebDriver.execute(RemoteWebDriver.java:519)\n\tat org.openqa.selenium.remote.RemoteWebDriver.execute(RemoteWebDriver.java:592)\n\tat org.openqa.selenium.remote.RemoteWebDriver.execute(RemoteWebDriver.java:596)\n\tat org.openqa.selenium.remote.RemoteWebDriver$RemoteTargetLocator.alert(RemoteWebDriver.java:1164)\n\tat pages.WebPage.validationMessage(WebPage.java:69)\n\tat stepDef.WebStep.validationGetMessage(WebStep.java:93)\n\tat java.base/jdk.internal.reflect.DirectMethodHandleAccessor.invoke(DirectMethodHandleAccessor.java:103)\n\tat java.base/java.lang.reflect.Method.invoke(Method.java:580)\n\tat io.cucumber.java.Invoker.doInvoke(Invoker.java:66)\n\tat io.cucumber.java.Invoker.invoke(Invoker.java:24)\n\tat io.cucumber.java.AbstractGlueDefinition.invokeMethod(AbstractGlueDefinition.java:47)\n\tat io.cucumber.java.JavaStepDefinition.execute(JavaStepDefinition.java:29)\n\tat io.cucumber.core.runner.CoreStepDefinition.execute(CoreStepDefinition.java:66)\n\tat io.cucumber.core.runner.PickleStepDefinitionMatch.runStep(PickleStepDefinitionMatch.java:63)\n\tat io.cucumber.core.runner.ExecutionMode$1.execute(ExecutionMode.java:10)\n\tat io.cucumber.core.runner.TestStep.executeStep(TestStep.java:84)\n\tat io.cucumber.core.runner.TestStep.run(TestStep.java:56)\n\tat io.cucumber.core.runner.PickleStepTestStep.run(PickleStepTestStep.java:51)\n\tat io.cucumber.core.runner.TestCase.run(TestCase.java:84)\n\tat io.cucumber.core.runner.Runner.runPickle(Runner.java:75)\n\tat io.cucumber.core.runtime.Runtime.lambda$executePickle$6(Runtime.java:107)\n\tat io.cucumber.core.runtime.CucumberExecutionContext.lambda$runTestCase$5(CucumberExecutionContext.java:137)\n\tat io.cucumber.core.runtime.RethrowingThrowableCollector.executeAndThrow(RethrowingThrowableCollector.java:23)\n\tat io.cucumber.core.runtime.CucumberExecutionContext.runTestCase(CucumberExecutionContext.java:137)\n\tat io.cucumber.core.runtime.Runtime.lambda$executePickle$7(Runtime.java:107)\n\tat java.base/java.util.concurrent.Executors$RunnableAdapter.call(Executors.java:572)\n\tat java.base/java.util.concurrent.FutureTask.run(FutureTask.java:317)\n\tat io.cucumber.core.runtime.Runtime$SameThreadExecutorService.execute(Runtime.java:235)\n\tat java.base/java.util.concurrent.AbstractExecutorService.submit(AbstractExecutorService.java:123)\n\tat io.cucumber.core.runtime.Runtime.lambda$runFeatures$3(Runtime.java:89)\n\tat java.base/java.util.stream.ReferencePipeline$3$1.accept(ReferencePipeline.java:197)\n\tat java.base/java.util.stream.SliceOps$1$1.accept(SliceOps.java:200)\n\tat java.base/java.util.ArrayList$ArrayListSpliterator.tryAdvance(ArrayList.java:1685)\n\tat java.base/java.util.stream.ReferencePipeline.forEachWithCancel(ReferencePipeline.java:129)\n\tat java.base/java.util.stream.AbstractPipeline.copyIntoWithCancel(AbstractPipeline.java:527)\n\tat java.base/java.util.stream.AbstractPipeline.copyInto(AbstractPipeline.java:513)\n\tat java.base/java.util.stream.AbstractPipeline.wrapAndCopyInto(AbstractPipeline.java:499)\n\tat java.base/java.util.stream.ReduceOps$ReduceOp.evaluateSequential(ReduceOps.java:921)\n\tat java.base/java.util.stream.AbstractPipeline.evaluate(AbstractPipeline.java:234)\n\tat java.base/java.util.stream.ReferencePipeline.collect(ReferencePipeline.java:682)\n\tat io.cucumber.core.runtime.Runtime.runFeatures(Runtime.java:90)\n\tat io.cucumber.core.runtime.Runtime.lambda$run$0(Runtime.java:78)\n\tat io.cucumber.core.runtime.CucumberExecutionContext.lambda$runFeatures$6(CucumberExecutionContext.java:148)\n\tat io.cucumber.core.runtime.CucumberExecutionContext.execute(CucumberExecutionContext.java:163)\n\tat io.cucumber.core.runtime.CucumberExecutionContext.runFeatures(CucumberExecutionContext.java:146)\n\tat io.cucumber.core.runtime.Runtime.run(Runtime.java:78)\n\tat io.cucumber.core.cli.Main.run(Main.java:87)\n\tat io.cucumber.core.cli.Main.main(Main.java:30)\n","duration":2005431150,"status":"failed"},"line":108,"name":"validation get \"alert\" message \"Sign up successful.\"","match":{"arguments":[{"val":"\"alert\"","offset":15},{"val":"\"Sign up successful.\"","offset":31}],"location":"stepDef.WebStep.validationGetMessage(java.lang.String,java.lang.String)"},"keyword":"Then "},{"result":{"duration":65493,"status":"skipped"},"line":109,"name":"user click login menu","match":{"location":"stepDef.WebStep.userClickLoginMenu()"},"keyword":"And "},{"result":{"duration":50224,"status":"skipped"},"line":110,"name":"user input login username","match":{"location":"stepDef.WebStep.userInputLoginUsername()"},"keyword":"And "},{"result":{"duration":57908,"status":"skipped"},"line":111,"name":"user input login pwd","match":{"location":"stepDef.WebStep.userInputLoginPwd()"},"keyword":"And "},{"result":{"duration":46988,"status":"skipped"},"line":112,"name":"user click login button","match":{"location":"stepDef.WebStep.userClickLoginButton()"},"keyword":"When "},{"result":{"duration":46608,"status":"skipped"},"line":113,"name":"validation login successful","match":{"location":"stepDef.WebStep.validationLoginSuccessful()"},"keyword":"Then "},{"result":{"duration":45084,"status":"skipped"},"line":114,"name":"user click product name","match":{"location":"stepDef.WebStep.userClickProductName()"},"keyword":"And "},{"result":{"duration":44594,"status":"skipped"},"line":115,"name":"user click add to cart button","match":{"location":"stepDef.WebStep.userClickAddToCartButton()"},"keyword":"And "},{"result":{"duration":81833,"status":"skipped"},"line":116,"name":"validation get \"alert\" message \"Product added.\"","match":{"arguments":[{"val":"\"alert\"","offset":15},{"val":"\"Product added.\"","offset":31}],"location":"stepDef.WebStep.validationGetMessage(java.lang.String,java.lang.String)"},"keyword":"Then "},{"result":{"duration":45936,"status":"skipped"},"line":117,"name":"user click home menu","match":{"location":"stepDef.WebStep.userClickHomeMenu()"},"keyword":"And "},{"result":{"duration":56055,"status":"skipped"},"line":118,"name":"user click product name","match":{"location":"stepDef.WebStep.userClickProductName()"},"keyword":"And "},{"result":{"duration":46617,"status":"skipped"},"line":119,"name":"user click add to cart button","match":{"location":"stepDef.WebStep.userClickAddToCartButton()"},"keyword":"And "},{"result":{"duration":68498,"status":"skipped"},"line":120,"name":"validation get \"alert\" message \"Product added.\"","match":{"arguments":[{"val":"\"alert\"","offset":15},{"val":"\"Product added.\"","offset":31}],"location":"stepDef.WebStep.validationGetMessage(java.lang.String,java.lang.String)"},"keyword":"Then "},{"result":{"duration":57618,"status":"skipped"},"line":121,"name":"user click cart menu","match":{"location":"stepDef.WebStep.userClickCartMenu()"},"keyword":"And "},{"result":{"duration":44193,"status":"skipped"},"line":122,"name":"validation cart page display equals 2 product","match":{"arguments":[{"val":"2","offset":36}],"location":"stepDef.WebStep.validationCartPageDisplayEqualsProduct(int)"},"keyword":"Then "},{"result":{"duration":45054,"status":"skipped"},"line":123,"name":"validation total price is equals price of product","match":{"location":"stepDef.WebStep.validationTotalPriceIsEqualsPriceOfProduct()"},"keyword":"Then "},{"result":{"duration":40946,"status":"skipped"},"line":124,"name":"user click delete product from cart","match":{"location":"stepDef.WebStep.userClickDeleteProductFromCart()"},"keyword":"And "},{"result":{"duration":47169,"status":"skipped"},"line":125,"name":"validation cart page display equals 1 product","match":{"arguments":[{"val":"1","offset":36}],"location":"stepDef.WebStep.validationCartPageDisplayEqualsProduct(int)"},"keyword":"Then "},{"result":{"duration":63690,"status":"skipped"},"line":126,"name":"validation total price is equals price of product","match":{"location":"stepDef.WebStep.validationTotalPriceIsEqualsPriceOfProduct()"},"keyword":"Then "},{"result":{"duration":39885,"status":"skipped"},"line":127,"name":"user click delete product from cart","match":{"location":"stepDef.WebStep.userClickDeleteProductFromCart()"},"keyword":"And "},{"result":{"duration":43972,"status":"skipped"},"line":128,"name":"validation cart page display equals 0 product","match":{"arguments":[{"val":"0","offset":36}],"location":"stepDef.WebStep.validationCartPageDisplayEqualsProduct(int)"},"keyword":"Then "},{"result":{"duration":45305,"status":"skipped"},"line":129,"name":"validation total price is equals price of product","match":{"location":"stepDef.WebStep.validationTotalPriceIsEqualsPriceOfProduct()"},"keyword":"Then "}],"tags":[{"name":"@web"},{"name":"@web"}]},{"start_timestamp":"2024-02-22T17:33:24.439Z","before":[{"result":{"duration":582147748,"status":"passed"},"match":{"location":"stepDef.Hooks.beforeTest(io.cucumber.java.Scenario)"}}],"line":132,"name":"Test place order normal","description":"","id":"test-automation-web;test-place-order-normal","after":[{"result":{"duration":2068497313,"status":"passed"},"match":{"location":"stepDef.Hooks.afterTest(io.cucumber.java.Scenario)"}}],"type":"scenario","keyword":"Scenario","steps":[{"result":{"duration":274365098,"status":"passed"},"line":133,"name":"user go to web page","match":{"location":"stepDef.WebStep.userGoToWebPage()"},"keyword":"Given "},{"result":{"duration":72968476,"status":"passed"},"line":134,"name":"user click sign up menu","match":{"location":"stepDef.WebStep.userClickSignUpMenu()"},"keyword":"And "},{"result":{"duration":179296379,"status":"passed"},"line":135,"name":"user input sign up username","match":{"location":"stepDef.WebStep.userInputSignUpUsername()"},"keyword":"And "},{"result":{"duration":46019720,"status":"passed"},"line":136,"name":"user input sign up pwd","match":{"location":"stepDef.WebStep.userInputSignUpPwd()"},"keyword":"And "},{"result":{"duration":35723410,"status":"passed"},"line":137,"name":"user click sign up button","match":{"location":"stepDef.WebStep.userClickSignUpButton()"},"keyword":"When "},{"result":{"error_message":"java.lang.RuntimeException: org.openqa.selenium.NoAlertPresentException: no such alert\n  (Session info: chrome-headless-shell=121.0.6167.184)\nBuild info: version: '4.17.0', revision: 'e52b1be057*'\nSystem info: os.name: 'Linux', os.arch: 'amd64', os.version: '6.2.0-1019-azure', java.version: '21.0.2'\nDriver info: org.openqa.selenium.chrome.ChromeDriver\nCommand: [aa1e32283b846b17df192cc38f76aa0d, getAlertText {}]\nCapabilities {acceptInsecureCerts: false, browserName: chrome-headless-shell, browserVersion: 121.0.6167.184, chrome: {chromedriverVersion: 121.0.6167.184 (057a8ae7deb..., userDataDir: /tmp/.org.chromium.Chromium...}, fedcm:accounts: true, goog:chromeOptions: {debuggerAddress: localhost:38231}, networkConnectionEnabled: false, pageLoadStrategy: normal, platformName: linux, proxy: Proxy(), se:cdp: ws://localhost:38231/devtoo..., se:cdpVersion: 121.0.6167.184, setWindowRect: true, strictFileInteractability: false, timeouts: {implicit: 0, pageLoad: 300000, script: 30000}, unhandledPromptBehavior: dismiss and notify, webauthn:extension:credBlob: true, webauthn:extension:largeBlob: true, webauthn:extension:minPinLength: true, webauthn:extension:prf: true, webauthn:virtualAuthenticators: true}\nSession ID: aa1e32283b846b17df192cc38f76aa0d\n\tat pages.WebPage.validationMessage(WebPage.java:82)\n\tat stepDef.WebStep.validationGetMessage(WebStep.java:93)\n\tat ✽.validation get \"alert\" message \"Sign up successful.\"(file:///home/runner/work/Final_Project/Final_Project/src/test/java/features/web.feature:138)\nCaused by: org.openqa.selenium.NoAlertPresentException: no such alert\n  (Session info: chrome-headless-shell=121.0.6167.184)\nBuild info: version: '4.17.0', revision: 'e52b1be057*'\nSystem info: os.name: 'Linux', os.arch: 'amd64', os.version: '6.2.0-1019-azure', java.version: '21.0.2'\nDriver info: org.openqa.selenium.chrome.ChromeDriver\nCommand: [aa1e32283b846b17df192cc38f76aa0d, getAlertText {}]\nCapabilities {acceptInsecureCerts: false, browserName: chrome-headless-shell, browserVersion: 121.0.6167.184, chrome: {chromedriverVersion: 121.0.6167.184 (057a8ae7deb..., userDataDir: /tmp/.org.chromium.Chromium...}, fedcm:accounts: true, goog:chromeOptions: {debuggerAddress: localhost:38231}, networkConnectionEnabled: false, pageLoadStrategy: normal, platformName: linux, proxy: Proxy(), se:cdp: ws://localhost:38231/devtoo..., se:cdpVersion: 121.0.6167.184, setWindowRect: true, strictFileInteractability: false, timeouts: {implicit: 0, pageLoad: 300000, script: 30000}, unhandledPromptBehavior: dismiss and notify, webauthn:extension:credBlob: true, webauthn:extension:largeBlob: true, webauthn:extension:minPinLength: true, webauthn:extension:prf: true, webauthn:virtualAuthenticators: true}\nSession ID: aa1e32283b846b17df192cc38f76aa0d\n\tat java.base/jdk.internal.reflect.DirectConstructorHandleAccessor.newInstance(DirectConstructorHandleAccessor.java:62)\n\tat java.base/java.lang.reflect.Constructor.newInstanceWithCaller(Constructor.java:502)\n\tat java.base/java.lang.reflect.Constructor.newInstance(Constructor.java:486)\n\tat org.openqa.selenium.remote.codec.w3c.W3CHttpResponseCodec.createException(W3CHttpResponseCodec.java:185)\n\tat org.openqa.selenium.remote.codec.w3c.W3CHttpResponseCodec.decode(W3CHttpResponseCodec.java:134)\n\tat org.openqa.selenium.remote.codec.w3c.W3CHttpResponseCodec.decode(W3CHttpResponseCodec.java:51)\n\tat org.openqa.selenium.remote.HttpCommandExecutor.execute(HttpCommandExecutor.java:190)\n\tat org.openqa.selenium.remote.service.DriverCommandExecutor.invokeExecute(DriverCommandExecutor.java:216)\n\tat org.openqa.selenium.remote.service.DriverCommandExecutor.execute(DriverCommandExecutor.java:174)\n\tat org.openqa.selenium.remote.RemoteWebDriver.execute(RemoteWebDriver.java:519)\n\tat org.openqa.selenium.remote.RemoteWebDriver.execute(RemoteWebDriver.java:592)\n\tat org.openqa.selenium.remote.RemoteWebDriver.execute(RemoteWebDriver.java:596)\n\tat org.openqa.selenium.remote.RemoteWebDriver$RemoteTargetLocator.alert(RemoteWebDriver.java:1164)\n\tat pages.WebPage.validationMessage(WebPage.java:69)\n\tat stepDef.WebStep.validationGetMessage(WebStep.java:93)\n\tat java.base/jdk.internal.reflect.DirectMethodHandleAccessor.invoke(DirectMethodHandleAccessor.java:103)\n\tat java.base/java.lang.reflect.Method.invoke(Method.java:580)\n\tat io.cucumber.java.Invoker.doInvoke(Invoker.java:66)\n\tat io.cucumber.java.Invoker.invoke(Invoker.java:24)\n\tat io.cucumber.java.AbstractGlueDefinition.invokeMethod(AbstractGlueDefinition.java:47)\n\tat io.cucumber.java.JavaStepDefinition.execute(JavaStepDefinition.java:29)\n\tat io.cucumber.core.runner.CoreStepDefinition.execute(CoreStepDefinition.java:66)\n\tat io.cucumber.core.runner.PickleStepDefinitionMatch.runStep(PickleStepDefinitionMatch.java:63)\n\tat io.cucumber.core.runner.ExecutionMode$1.execute(ExecutionMode.java:10)\n\tat io.cucumber.core.runner.TestStep.executeStep(TestStep.java:84)\n\tat io.cucumber.core.runner.TestStep.run(TestStep.java:56)\n\tat io.cucumber.core.runner.PickleStepTestStep.run(PickleStepTestStep.java:51)\n\tat io.cucumber.core.runner.TestCase.run(TestCase.java:84)\n\tat io.cucumber.core.runner.Runner.runPickle(Runner.java:75)\n\tat io.cucumber.core.runtime.Runtime.lambda$executePickle$6(Runtime.java:107)\n\tat io.cucumber.core.runtime.CucumberExecutionContext.lambda$runTestCase$5(CucumberExecutionContext.java:137)\n\tat io.cucumber.core.runtime.RethrowingThrowableCollector.executeAndThrow(RethrowingThrowableCollector.java:23)\n\tat io.cucumber.core.runtime.CucumberExecutionContext.runTestCase(CucumberExecutionContext.java:137)\n\tat io.cucumber.core.runtime.Runtime.lambda$executePickle$7(Runtime.java:107)\n\tat java.base/java.util.concurrent.Executors$RunnableAdapter.call(Executors.java:572)\n\tat java.base/java.util.concurrent.FutureTask.run(FutureTask.java:317)\n\tat io.cucumber.core.runtime.Runtime$SameThreadExecutorService.execute(Runtime.java:235)\n\tat java.base/java.util.concurrent.AbstractExecutorService.submit(AbstractExecutorService.java:123)\n\tat io.cucumber.core.runtime.Runtime.lambda$runFeatures$3(Runtime.java:89)\n\tat java.base/java.util.stream.ReferencePipeline$3$1.accept(ReferencePipeline.java:197)\n\tat java.base/java.util.stream.SliceOps$1$1.accept(SliceOps.java:200)\n\tat java.base/java.util.ArrayList$ArrayListSpliterator.tryAdvance(ArrayList.java:1685)\n\tat java.base/java.util.stream.ReferencePipeline.forEachWithCancel(ReferencePipeline.java:129)\n\tat java.base/java.util.stream.AbstractPipeline.copyIntoWithCancel(AbstractPipeline.java:527)\n\tat java.base/java.util.stream.AbstractPipeline.copyInto(AbstractPipeline.java:513)\n\tat java.base/java.util.stream.AbstractPipeline.wrapAndCopyInto(AbstractPipeline.java:499)\n\tat java.base/java.util.stream.ReduceOps$ReduceOp.evaluateSequential(ReduceOps.java:921)\n\tat java.base/java.util.stream.AbstractPipeline.evaluate(AbstractPipeline.java:234)\n\tat java.base/java.util.stream.ReferencePipeline.collect(ReferencePipeline.java:682)\n\tat io.cucumber.core.runtime.Runtime.runFeatures(Runtime.java:90)\n\tat io.cucumber.core.runtime.Runtime.lambda$run$0(Runtime.java:78)\n\tat io.cucumber.core.runtime.CucumberExecutionContext.lambda$runFeatures$6(CucumberExecutionContext.java:148)\n\tat io.cucumber.core.runtime.CucumberExecutionContext.execute(CucumberExecutionContext.java:163)\n\tat io.cucumber.core.runtime.CucumberExecutionContext.runFeatures(CucumberExecutionContext.java:146)\n\tat io.cucumber.core.runtime.Runtime.run(Runtime.java:78)\n\tat io.cucumber.core.cli.Main.run(Main.java:87)\n\tat io.cucumber.core.cli.Main.main(Main.java:30)\n","duration":2005569683,"status":"failed"},"line":138,"name":"validation get \"alert\" message \"Sign up successful.\"","match":{"arguments":[{"val":"\"alert\"","offset":15},{"val":"\"Sign up successful.\"","offset":31}],"location":"stepDef.WebStep.validationGetMessage(java.lang.String,java.lang.String)"},"keyword":"Then "},{"result":{"duration":66815,"status":"skipped"},"line":139,"name":"user click login menu","match":{"location":"stepDef.WebStep.userClickLoginMenu()"},"keyword":"And "},{"result":{"duration":638168,"status":"skipped"},"line":140,"name":"user input login username","match":{"location":"stepDef.WebStep.userInputLoginUsername()"},"keyword":"And "},{"result":{"duration":90430,"status":"skipped"},"line":141,"name":"user input login pwd","match":{"location":"stepDef.WebStep.userInputLoginPwd()"},"keyword":"And "},{"result":{"duration":53992,"status":"skipped"},"line":142,"name":"user click login button","match":{"location":"stepDef.WebStep.userClickLoginButton()"},"keyword":"When "},{"result":{"duration":42410,"status":"skipped"},"line":143,"name":"validation login successful","match":{"location":"stepDef.WebStep.validationLoginSuccessful()"},"keyword":"Then "},{"result":{"duration":42680,"status":"skipped"},"line":144,"name":"user click product name","match":{"location":"stepDef.WebStep.userClickProductName()"},"keyword":"And "},{"result":{"duration":47960,"status":"skipped"},"line":145,"name":"user click add to cart button","match":{"location":"stepDef.WebStep.userClickAddToCartButton()"},"keyword":"And "},{"result":{"duration":45496,"status":"skipped"},"line":146,"name":"validation get \"alert\" message \"Product added.\"","match":{"arguments":[{"val":"\"alert\"","offset":15},{"val":"\"Product added.\"","offset":31}],"location":"stepDef.WebStep.validationGetMessage(java.lang.String,java.lang.String)"},"keyword":"Then "},{"result":{"duration":39594,"status":"skipped"},"line":147,"name":"user click home menu","match":{"location":"stepDef.WebStep.userClickHomeMenu()"},"keyword":"And "},{"result":{"duration":42550,"status":"skipped"},"line":148,"name":"user click product name","match":{"location":"stepDef.WebStep.userClickProductName()"},"keyword":"And "},{"result":{"duration":45656,"status":"skipped"},"line":149,"name":"user click add to cart button","match":{"location":"stepDef.WebStep.userClickAddToCartButton()"},"keyword":"And "},{"result":{"duration":46076,"status":"skipped"},"line":150,"name":"validation get \"alert\" message \"Product added.\"","match":{"arguments":[{"val":"\"alert\"","offset":15},{"val":"\"Product added.\"","offset":31}],"location":"stepDef.WebStep.validationGetMessage(java.lang.String,java.lang.String)"},"keyword":"Then "},{"result":{"duration":55925,"status":"skipped"},"line":151,"name":"user click cart menu","match":{"location":"stepDef.WebStep.userClickCartMenu()"},"keyword":"And "},{"result":{"duration":43021,"status":"skipped"},"line":152,"name":"validation cart page display equals 2 product","match":{"arguments":[{"val":"2","offset":36}],"location":"stepDef.WebStep.validationCartPageDisplayEqualsProduct(int)"},"keyword":"Then "},{"result":{"duration":43842,"status":"skipped"},"line":153,"name":"validation total price is equals price of product","match":{"location":"stepDef.WebStep.validationTotalPriceIsEqualsPriceOfProduct()"},"keyword":"Then "},{"result":{"duration":42529,"status":"skipped"},"line":154,"name":"user click place order button","match":{"location":"stepDef.WebStep.userClickPlaceOrderButton()"},"keyword":"And "},{"result":{"duration":48180,"status":"skipped"},"line":155,"name":"user input place order information","match":{"location":"stepDef.WebStep.userInputPlaceOrderInformation()"},"keyword":"And "},{"result":{"duration":39284,"status":"skipped"},"line":156,"name":"user click purchase button","match":{"location":"stepDef.WebStep.userClickPurchaseButton()"},"keyword":"And "},{"result":{"duration":44845,"status":"skipped"},"line":157,"name":"validation get \"page\" message \"Thank you for your purchase!\"","match":{"arguments":[{"val":"\"page\"","offset":15},{"val":"\"Thank you for your purchase!\"","offset":30}],"location":"stepDef.WebStep.validationGetMessage(java.lang.String,java.lang.String)"},"keyword":"Then "},{"result":{"duration":44253,"status":"skipped"},"line":158,"name":"validation order information is match","match":{"location":"stepDef.WebStep.validationOrderInformationIsMatch()"},"keyword":"Then "},{"result":{"duration":41678,"status":"skipped"},"line":159,"name":"user click ok button","match":{"location":"stepDef.WebStep.userClickOkButton()"},"keyword":"And "},{"result":{"duration":84188,"status":"skipped"},"line":160,"name":"validation user is on home page","match":{"location":"stepDef.WebStep.validationUserIsOnHomePage()"},"keyword":"Then "}],"tags":[{"name":"@web"},{"name":"@web"}]},{"start_timestamp":"2024-02-22T17:33:29.715Z","before":[{"result":{"duration":552191589,"status":"passed"},"match":{"location":"stepDef.Hooks.beforeTest(io.cucumber.java.Scenario)"}}],"line":162,"name":"Test negative place order with no input order information","description":"","id":"test-automation-web;test-negative-place-order-with-no-input-order-information","after":[{"result":{"duration":2068361882,"status":"passed"},"match":{"location":"stepDef.Hooks.afterTest(io.cucumber.java.Scenario)"}}],"type":"scenario","keyword":"Scenario","steps":[{"result":{"duration":234331779,"status":"passed"},"line":163,"name":"user go to web page","match":{"location":"stepDef.WebStep.userGoToWebPage()"},"keyword":"Given "},{"result":{"duration":88245945,"status":"passed"},"line":164,"name":"user click sign up menu","match":{"location":"stepDef.WebStep.userClickSignUpMenu()"},"keyword":"And "},{"result":{"duration":173346522,"status":"passed"},"line":165,"name":"user input sign up username","match":{"location":"stepDef.WebStep.userInputSignUpUsername()"},"keyword":"And "},{"result":{"duration":43421271,"status":"passed"},"line":166,"name":"user input sign up pwd","match":{"location":"stepDef.WebStep.userInputSignUpPwd()"},"keyword":"And "},{"result":{"duration":35958273,"status":"passed"},"line":167,"name":"user click sign up button","match":{"location":"stepDef.WebStep.userClickSignUpButton()"},"keyword":"When "},{"result":{"error_message":"java.lang.RuntimeException: org.openqa.selenium.NoAlertPresentException: no such alert\n  (Session info: chrome-headless-shell=121.0.6167.184)\nBuild info: version: '4.17.0', revision: 'e52b1be057*'\nSystem info: os.name: 'Linux', os.arch: 'amd64', os.version: '6.2.0-1019-azure', java.version: '21.0.2'\nDriver info: org.openqa.selenium.chrome.ChromeDriver\nCommand: [226c90870b5114b3ea44187562004f0a, getAlertText {}]\nCapabilities {acceptInsecureCerts: false, browserName: chrome-headless-shell, browserVersion: 121.0.6167.184, chrome: {chromedriverVersion: 121.0.6167.184 (057a8ae7deb..., userDataDir: /tmp/.org.chromium.Chromium...}, fedcm:accounts: true, goog:chromeOptions: {debuggerAddress: localhost:45023}, networkConnectionEnabled: false, pageLoadStrategy: normal, platformName: linux, proxy: Proxy(), se:cdp: ws://localhost:45023/devtoo..., se:cdpVersion: 121.0.6167.184, setWindowRect: true, strictFileInteractability: false, timeouts: {implicit: 0, pageLoad: 300000, script: 30000}, unhandledPromptBehavior: dismiss and notify, webauthn:extension:credBlob: true, webauthn:extension:largeBlob: true, webauthn:extension:minPinLength: true, webauthn:extension:prf: true, webauthn:virtualAuthenticators: true}\nSession ID: 226c90870b5114b3ea44187562004f0a\n\tat pages.WebPage.validationMessage(WebPage.java:82)\n\tat stepDef.WebStep.validationGetMessage(WebStep.java:93)\n\tat ✽.validation get \"alert\" message \"Sign up successful.\"(file:///home/runner/work/Final_Project/Final_Project/src/test/java/features/web.feature:168)\nCaused by: org.openqa.selenium.NoAlertPresentException: no such alert\n  (Session info: chrome-headless-shell=121.0.6167.184)\nBuild info: version: '4.17.0', revision: 'e52b1be057*'\nSystem info: os.name: 'Linux', os.arch: 'amd64', os.version: '6.2.0-1019-azure', java.version: '21.0.2'\nDriver info: org.openqa.selenium.chrome.ChromeDriver\nCommand: [226c90870b5114b3ea44187562004f0a, getAlertText {}]\nCapabilities {acceptInsecureCerts: false, browserName: chrome-headless-shell, browserVersion: 121.0.6167.184, chrome: {chromedriverVersion: 121.0.6167.184 (057a8ae7deb..., userDataDir: /tmp/.org.chromium.Chromium...}, fedcm:accounts: true, goog:chromeOptions: {debuggerAddress: localhost:45023}, networkConnectionEnabled: false, pageLoadStrategy: normal, platformName: linux, proxy: Proxy(), se:cdp: ws://localhost:45023/devtoo..., se:cdpVersion: 121.0.6167.184, setWindowRect: true, strictFileInteractability: false, timeouts: {implicit: 0, pageLoad: 300000, script: 30000}, unhandledPromptBehavior: dismiss and notify, webauthn:extension:credBlob: true, webauthn:extension:largeBlob: true, webauthn:extension:minPinLength: true, webauthn:extension:prf: true, webauthn:virtualAuthenticators: true}\nSession ID: 226c90870b5114b3ea44187562004f0a\n\tat java.base/jdk.internal.reflect.DirectConstructorHandleAccessor.newInstance(DirectConstructorHandleAccessor.java:62)\n\tat java.base/java.lang.reflect.Constructor.newInstanceWithCaller(Constructor.java:502)\n\tat java.base/java.lang.reflect.Constructor.newInstance(Constructor.java:486)\n\tat org.openqa.selenium.remote.codec.w3c.W3CHttpResponseCodec.createException(W3CHttpResponseCodec.java:185)\n\tat org.openqa.selenium.remote.codec.w3c.W3CHttpResponseCodec.decode(W3CHttpResponseCodec.java:134)\n\tat org.openqa.selenium.remote.codec.w3c.W3CHttpResponseCodec.decode(W3CHttpResponseCodec.java:51)\n\tat org.openqa.selenium.remote.HttpCommandExecutor.execute(HttpCommandExecutor.java:190)\n\tat org.openqa.selenium.remote.service.DriverCommandExecutor.invokeExecute(DriverCommandExecutor.java:216)\n\tat org.openqa.selenium.remote.service.DriverCommandExecutor.execute(DriverCommandExecutor.java:174)\n\tat org.openqa.selenium.remote.RemoteWebDriver.execute(RemoteWebDriver.java:519)\n\tat org.openqa.selenium.remote.RemoteWebDriver.execute(RemoteWebDriver.java:592)\n\tat org.openqa.selenium.remote.RemoteWebDriver.execute(RemoteWebDriver.java:596)\n\tat org.openqa.selenium.remote.RemoteWebDriver$RemoteTargetLocator.alert(RemoteWebDriver.java:1164)\n\tat pages.WebPage.validationMessage(WebPage.java:69)\n\tat stepDef.WebStep.validationGetMessage(WebStep.java:93)\n\tat java.base/jdk.internal.reflect.DirectMethodHandleAccessor.invoke(DirectMethodHandleAccessor.java:103)\n\tat java.base/java.lang.reflect.Method.invoke(Method.java:580)\n\tat io.cucumber.java.Invoker.doInvoke(Invoker.java:66)\n\tat io.cucumber.java.Invoker.invoke(Invoker.java:24)\n\tat io.cucumber.java.AbstractGlueDefinition.invokeMethod(AbstractGlueDefinition.java:47)\n\tat io.cucumber.java.JavaStepDefinition.execute(JavaStepDefinition.java:29)\n\tat io.cucumber.core.runner.CoreStepDefinition.execute(CoreStepDefinition.java:66)\n\tat io.cucumber.core.runner.PickleStepDefinitionMatch.runStep(PickleStepDefinitionMatch.java:63)\n\tat io.cucumber.core.runner.ExecutionMode$1.execute(ExecutionMode.java:10)\n\tat io.cucumber.core.runner.TestStep.executeStep(TestStep.java:84)\n\tat io.cucumber.core.runner.TestStep.run(TestStep.java:56)\n\tat io.cucumber.core.runner.PickleStepTestStep.run(PickleStepTestStep.java:51)\n\tat io.cucumber.core.runner.TestCase.run(TestCase.java:84)\n\tat io.cucumber.core.runner.Runner.runPickle(Runner.java:75)\n\tat io.cucumber.core.runtime.Runtime.lambda$executePickle$6(Runtime.java:107)\n\tat io.cucumber.core.runtime.CucumberExecutionContext.lambda$runTestCase$5(CucumberExecutionContext.java:137)\n\tat io.cucumber.core.runtime.RethrowingThrowableCollector.executeAndThrow(RethrowingThrowableCollector.java:23)\n\tat io.cucumber.core.runtime.CucumberExecutionContext.runTestCase(CucumberExecutionContext.java:137)\n\tat io.cucumber.core.runtime.Runtime.lambda$executePickle$7(Runtime.java:107)\n\tat java.base/java.util.concurrent.Executors$RunnableAdapter.call(Executors.java:572)\n\tat java.base/java.util.concurrent.FutureTask.run(FutureTask.java:317)\n\tat io.cucumber.core.runtime.Runtime$SameThreadExecutorService.execute(Runtime.java:235)\n\tat java.base/java.util.concurrent.AbstractExecutorService.submit(AbstractExecutorService.java:123)\n\tat io.cucumber.core.runtime.Runtime.lambda$runFeatures$3(Runtime.java:89)\n\tat java.base/java.util.stream.ReferencePipeline$3$1.accept(ReferencePipeline.java:197)\n\tat java.base/java.util.stream.SliceOps$1$1.accept(SliceOps.java:200)\n\tat java.base/java.util.ArrayList$ArrayListSpliterator.tryAdvance(ArrayList.java:1685)\n\tat java.base/java.util.stream.ReferencePipeline.forEachWithCancel(ReferencePipeline.java:129)\n\tat java.base/java.util.stream.AbstractPipeline.copyIntoWithCancel(AbstractPipeline.java:527)\n\tat java.base/java.util.stream.AbstractPipeline.copyInto(AbstractPipeline.java:513)\n\tat java.base/java.util.stream.AbstractPipeline.wrapAndCopyInto(AbstractPipeline.java:499)\n\tat java.base/java.util.stream.ReduceOps$ReduceOp.evaluateSequential(ReduceOps.java:921)\n\tat java.base/java.util.stream.AbstractPipeline.evaluate(AbstractPipeline.java:234)\n\tat java.base/java.util.stream.ReferencePipeline.collect(ReferencePipeline.java:682)\n\tat io.cucumber.core.runtime.Runtime.runFeatures(Runtime.java:90)\n\tat io.cucumber.core.runtime.Runtime.lambda$run$0(Runtime.java:78)\n\tat io.cucumber.core.runtime.CucumberExecutionContext.lambda$runFeatures$6(CucumberExecutionContext.java:148)\n\tat io.cucumber.core.runtime.CucumberExecutionContext.execute(CucumberExecutionContext.java:163)\n\tat io.cucumber.core.runtime.CucumberExecutionContext.runFeatures(CucumberExecutionContext.java:146)\n\tat io.cucumber.core.runtime.Runtime.run(Runtime.java:78)\n\tat io.cucumber.core.cli.Main.run(Main.java:87)\n\tat io.cucumber.core.cli.Main.main(Main.java:30)\n","duration":2005465145,"status":"failed"},"line":168,"name":"validation get \"alert\" message \"Sign up successful.\"","match":{"arguments":[{"val":"\"alert\"","offset":15},{"val":"\"Sign up successful.\"","offset":31}],"location":"stepDef.WebStep.validationGetMessage(java.lang.String,java.lang.String)"},"keyword":"Then "},{"result":{"duration":48070,"status":"skipped"},"line":169,"name":"user click login menu","match":{"location":"stepDef.WebStep.userClickLoginMenu()"},"keyword":"And "},{"result":{"duration":31880,"status":"skipped"},"line":170,"name":"user input login username","match":{"location":"stepDef.WebStep.userInputLoginUsername()"},"keyword":"And "},{"result":{"duration":28353,"status":"skipped"},"line":171,"name":"user input login pwd","match":{"location":"stepDef.WebStep.userInputLoginPwd()"},"keyword":"And "},{"result":{"duration":27582,"status":"skipped"},"line":172,"name":"user click login button","match":{"location":"stepDef.WebStep.userClickLoginButton()"},"keyword":"When "},{"result":{"duration":27412,"status":"skipped"},"line":173,"name":"validation login successful","match":{"location":"stepDef.WebStep.validationLoginSuccessful()"},"keyword":"Then "},{"result":{"duration":27081,"status":"skipped"},"line":174,"name":"user click product name","match":{"location":"stepDef.WebStep.userClickProductName()"},"keyword":"And "},{"result":{"duration":30227,"status":"skipped"},"line":175,"name":"user click add to cart button","match":{"location":"stepDef.WebStep.userClickAddToCartButton()"},"keyword":"And "},{"result":{"duration":49924,"status":"skipped"},"line":176,"name":"validation get \"alert\" message \"Product added.\"","match":{"arguments":[{"val":"\"alert\"","offset":15},{"val":"\"Product added.\"","offset":31}],"location":"stepDef.WebStep.validationGetMessage(java.lang.String,java.lang.String)"},"keyword":"Then "},{"result":{"duration":54873,"status":"skipped"},"line":177,"name":"user click home menu","match":{"location":"stepDef.WebStep.userClickHomeMenu()"},"keyword":"And "},{"result":{"duration":88375,"status":"skipped"},"line":178,"name":"user click product name","match":{"location":"stepDef.WebStep.userClickProductName()"},"keyword":"And "},{"result":{"duration":48621,"status":"skipped"},"line":179,"name":"user click add to cart button","match":{"location":"stepDef.WebStep.userClickAddToCartButton()"},"keyword":"And "},{"result":{"duration":45255,"status":"skipped"},"line":180,"name":"validation get \"alert\" message \"Product added.\"","match":{"arguments":[{"val":"\"alert\"","offset":15},{"val":"\"Product added.\"","offset":31}],"location":"stepDef.WebStep.validationGetMessage(java.lang.String,java.lang.String)"},"keyword":"Then "},{"result":{"duration":43141,"status":"skipped"},"line":181,"name":"user click cart menu","match":{"location":"stepDef.WebStep.userClickCartMenu()"},"keyword":"And "},{"result":{"duration":40196,"status":"skipped"},"line":182,"name":"validation cart page display equals 2 product","match":{"arguments":[{"val":"2","offset":36}],"location":"stepDef.WebStep.validationCartPageDisplayEqualsProduct(int)"},"keyword":"Then "},{"result":{"duration":40787,"status":"skipped"},"line":183,"name":"validation total price is equals price of product","match":{"location":"stepDef.WebStep.validationTotalPriceIsEqualsPriceOfProduct()"},"keyword":"Then "},{"result":{"duration":38743,"status":"skipped"},"line":184,"name":"user click place order button","match":{"location":"stepDef.WebStep.userClickPlaceOrderButton()"},"keyword":"And "},{"result":{"duration":40286,"status":"skipped"},"line":185,"name":"user click purchase button","match":{"location":"stepDef.WebStep.userClickPurchaseButton()"},"keyword":"And "},{"result":{"duration":47259,"status":"skipped"},"line":186,"name":"validation get \"alert\" message \"Please fill out Name and Creditcard.\"","match":{"arguments":[{"val":"\"alert\"","offset":15},{"val":"\"Please fill out Name and Creditcard.\"","offset":31}],"location":"stepDef.WebStep.validationGetMessage(java.lang.String,java.lang.String)"},"keyword":"Then "}],"tags":[{"name":"@web"}]}],"name":"Test Automation Web","description":"","id":"test-automation-web","keyword":"Feature","uri":"file:src/test/java/features/web.feature","tags":[{"name":"@web","type":"Tag","location":{"line":1,"column":1}}]}]